<?xml version="1.0" encoding="utf-8" standalone="no"?>
<test-run id="2" testcasecount="57" result="Failed" total="51" passed="0" failed="51" inconclusive="0" skipped="0" asserts="0" engine-version="3.9.0.0" clr-version="4.0.30319.42000" start-time="2020-04-08 06:49:46Z" end-time="2020-04-08 06:51:40Z" duration="114.042214">
  <command-line><![CDATA["C:\Program Files (x86)\Visma Unique AS\Visma Flyt BV Selenium\NunitConsoleRunner\nunit3-console.exe" --result:"C:\TestResults\Selenium\1.0.9761.xml" "C:\Program Files (x86)\Visma Unique AS\Visma Flyt BV Selenium\Flow.Tests.Selenium.dll" --where "cat == BasicSmoke" ]]></command-line>
  <filter>
    <cat>BasicSmoke</cat>
  </filter>
  <test-suite type="Assembly" id="0-1102" name="Flow.Tests.Selenium.dll" fullname="C:\Program Files (x86)\Visma Unique AS\Visma Flyt BV Selenium\Flow.Tests.Selenium.dll" runstate="Runnable" testcasecount="57" result="Failed" site="Child" start-time="2020-04-08 06:49:47Z" end-time="2020-04-08 06:51:40Z" duration="113.074108" total="51" passed="0" failed="51" warnings="0" inconclusive="0" skipped="0" asserts="0">
    <environment framework-version="3.10.1.0" clr-version="4.0.30319.42000" os-version="Microsoft Windows NT 10.0.14393.0" platform="Win32NT" cwd="C:\Octopus\Work\20200408064943-258845-3152\Deployment\Scripts\Octopus" machine-name="FLYTCHILDWEB902" user="SYSTEM" user-domain="FLYTTEST" culture="en-US" uiculture="en-US" os-architecture="x64" />
    <settings>
      <setting name="DisposeRunners" value="True" />
      <setting name="WorkDirectory" value="C:\Octopus\Work\20200408064943-258845-3152\Deployment\Scripts\Octopus" />
      <setting name="ImageRuntimeVersion" value="4.0.30319" />
      <setting name="ImageTargetFrameworkName" value=".NETFramework,Version=v4.7.1" />
      <setting name="ImageRequiresX86" value="False" />
      <setting name="ImageRequiresDefaultAppDomainAssemblyResolver" value="False" />
      <setting name="NumberOfTestWorkers" value="2" />
    </settings>
    <properties>
      <property name="_PID" value="7688" />
      <property name="_APPDOMAIN" value="domain-" />
    </properties>
    <failure>
      <message><![CDATA[One or more child tests had errors]]></message>
    </failure>
    <test-suite type="TestSuite" id="0-1103" name="Flow" fullname="Flow" runstate="Runnable" testcasecount="57" result="Failed" site="Child" start-time="2020-04-08 06:49:47Z" end-time="2020-04-08 06:51:40Z" duration="113.051519" total="51" passed="0" failed="51" warnings="0" inconclusive="0" skipped="0" asserts="0">
      <properties />
      <failure>
        <message><![CDATA[One or more child tests had errors]]></message>
      </failure>
      <test-suite type="TestSuite" id="0-1104" name="Tests" fullname="Flow.Tests" runstate="Runnable" testcasecount="57" result="Failed" site="Child" start-time="2020-04-08 06:49:47Z" end-time="2020-04-08 06:51:40Z" duration="113.050995" total="51" passed="0" failed="51" warnings="0" inconclusive="0" skipped="0" asserts="0">
        <properties />
        <failure>
          <message><![CDATA[One or more child tests had errors]]></message>
        </failure>
        <test-suite type="TestSuite" id="0-1105" name="Selenium" fullname="Flow.Tests.Selenium" runstate="Runnable" testcasecount="57" result="Failed" site="Child" start-time="2020-04-08 06:49:47Z" end-time="2020-04-08 06:51:40Z" duration="113.050978" total="51" passed="0" failed="51" warnings="0" inconclusive="0" skipped="0" asserts="0">
          <properties />
          <failure>
            <message><![CDATA[One or more child tests had errors]]></message>
          </failure>
          <test-suite type="TestSuite" id="0-1106" name="Tests" fullname="Flow.Tests.Selenium.Tests" runstate="Runnable" testcasecount="57" result="Failed" site="Child" start-time="2020-04-08 06:49:47Z" end-time="2020-04-08 06:51:40Z" duration="113.050967" total="51" passed="0" failed="51" warnings="0" inconclusive="0" skipped="0" asserts="0">
            <properties />
            <failure>
              <message><![CDATA[One or more child tests had errors]]></message>
            </failure>
            <test-suite type="TestFixture" id="0-1000" name="LoginSmokeTest" fullname="Flow.Tests.Selenium.Tests.LoginSmokeTest" classname="Flow.Tests.Selenium.Tests.LoginSmokeTest" runstate="Runnable" testcasecount="1" result="Failed" label="Error" site="TearDown" start-time="2020-04-08 06:49:47Z" end-time="2020-04-08 06:49:58Z" duration="10.848100" total="1" passed="0" failed="1" warnings="0" inconclusive="0" skipped="0" asserts="0">
              <properties />
              <failure>
                <message><![CDATA[System.InvalidOperationException : Mapper already initialized. You must call Initialize once per application domain/process.
TearDown : System.InvalidOperationException : Mapper already initialized. You must call Initialize once per application domain/process.]]></message>
                <stack-trace><![CDATA[   at AutoMapper.Mapper.set_Configuration(IConfigurationProvider value)
   at AutoMapper.Mapper.Initialize(Action`1 config)
   at Flow.Tests.Selenium.Core.TestBasePpt.get_DatabaseManager()
   at Flow.Tests.Selenium.Core.TestBasePpt.OneTimeSetUp()
--TearDown
   at AutoMapper.Mapper.set_Configuration(IConfigurationProvider value)
   at AutoMapper.Mapper.Initialize(Action`1 config)
   at Flow.Tests.Selenium.Core.TestBasePpt.get_DatabaseManager()
   at Flow.Tests.Selenium.Core.TestBasePpt.OneTimeTearDown()]]></stack-trace>
              </failure>
              <output><![CDATA[=============== LoginSmokeTest started at: 4/8/2020 8:49:56 AM ===============
---> LoginSmokeTest Config[AppUrl]: https://flytchildweb902.flyttest.visma.com:444/
---> LoginSmokeTest Config[SeleniumBrowser]: chrome
---> LoginSmokeTest Config[SeleniumGridUrl]: http://flytapp901.flyttest.visma.com:4444/wd/hub
---> LoginSmokeTest Resolution: 1024x768
Environment variable BV_SPECFLOW_TEST_DB found:data source=10.58.171.19;initial catalog=BV_Specflow;User ID=test;Password=test;sslmode=none;
Environment variable BV_SPECFLOW_TEST_DB found:data source=10.58.171.19;initial catalog=BV_Specflow;User ID=test;Password=test;sslmode=none;
]]></output>
              <test-case id="0-1001" name="CheckLogin" fullname="Flow.Tests.Selenium.Tests.LoginSmokeTest.CheckLogin" methodname="CheckLogin" classname="Flow.Tests.Selenium.Tests.LoginSmokeTest" runstate="Runnable" seed="1016302265" result="Failed" label="Error" site="Parent" start-time="0001-01-01 00:00:00Z" end-time="0001-01-01 00:00:00Z" duration="0.000000" asserts="0">
                <properties>
                  <property name="Category" value="BasicSmoke" />
                  <property name="CustomRetry" value="3" />
                </properties>
                <failure>
                  <message><![CDATA[OneTimeSetUp: System.InvalidOperationException : Mapper already initialized. You must call Initialize once per application domain/process.]]></message>
                </failure>
              </test-case>
            </test-suite>
            <test-suite type="TestSuite" id="0-1117" name="Regression" fullname="Flow.Tests.Selenium.Tests.Regression" runstate="Runnable" testcasecount="1" result="Failed" site="Child" start-time="2020-04-08 06:49:47Z" end-time="2020-04-08 06:50:00Z" duration="13.242937" total="1" passed="0" failed="1" warnings="0" inconclusive="0" skipped="0" asserts="0">
              <properties />
              <failure>
                <message><![CDATA[One or more child tests had errors]]></message>
              </failure>
              <test-suite type="TestSuite" id="0-1118" name="Events" fullname="Flow.Tests.Selenium.Tests.Regression.Events" runstate="Runnable" testcasecount="1" result="Failed" site="Child" start-time="2020-04-08 06:49:47Z" end-time="2020-04-08 06:50:00Z" duration="13.242892" total="1" passed="0" failed="1" warnings="0" inconclusive="0" skipped="0" asserts="0">
                <properties />
                <failure>
                  <message><![CDATA[One or more child tests had errors]]></message>
                </failure>
                <test-suite type="TestSuite" id="0-1119" name="Correspondence" fullname="Flow.Tests.Selenium.Tests.Regression.Events.Correspondence" runstate="Runnable" testcasecount="1" result="Failed" site="Child" start-time="2020-04-08 06:49:47Z" end-time="2020-04-08 06:50:00Z" duration="13.242794" total="1" passed="0" failed="1" warnings="0" inconclusive="0" skipped="0" asserts="0">
                  <properties />
                  <failure>
                    <message><![CDATA[One or more child tests had errors]]></message>
                  </failure>
                  <test-suite type="TestFixture" id="0-1100" name="CorrespondenceTest" fullname="Flow.Tests.Selenium.Tests.Regression.Events.Correspondence.CorrespondenceTest" classname="Flow.Tests.Selenium.Tests.Regression.Events.Correspondence.CorrespondenceTest" runstate="Runnable" testcasecount="1" result="Failed" label="Error" site="TearDown" start-time="2020-04-08 06:49:58Z" end-time="2020-04-08 06:50:00Z" duration="2.378658" total="1" passed="0" failed="1" warnings="0" inconclusive="0" skipped="0" asserts="0">
                    <properties />
                    <failure>
                      <message><![CDATA[System.InvalidOperationException : Mapper already initialized. You must call Initialize once per application domain/process.
TearDown : System.InvalidOperationException : Mapper already initialized. You must call Initialize once per application domain/process.]]></message>
                      <stack-trace><![CDATA[   at AutoMapper.Mapper.set_Configuration(IConfigurationProvider value)
   at AutoMapper.Mapper.Initialize(Action`1 config)
   at Flow.Tests.Selenium.Core.TestBasePpt.get_DatabaseManager()
   at Flow.Tests.Selenium.Core.TestBasePpt.OneTimeSetUp()
--TearDown
   at AutoMapper.Mapper.set_Configuration(IConfigurationProvider value)
   at AutoMapper.Mapper.Initialize(Action`1 config)
   at Flow.Tests.Selenium.Core.TestBasePpt.get_DatabaseManager()
   at Flow.Tests.Selenium.Core.TestBasePpt.OneTimeTearDown()]]></stack-trace>
                    </failure>
                    <output><![CDATA[=============== CorrespondenceTest started at: 4/8/2020 8:49:58 AM ===============
---> CorrespondenceTest Config[AppUrl]: https://flytchildweb902.flyttest.visma.com:444/
---> CorrespondenceTest Config[SeleniumBrowser]: chrome
---> CorrespondenceTest Config[SeleniumGridUrl]: http://flytapp901.flyttest.visma.com:4444/wd/hub
---> CorrespondenceTest Resolution: 1024x768
Environment variable BV_SPECFLOW_TEST_DB found:data source=10.58.171.19;initial catalog=BV_Specflow;User ID=test;Password=test;sslmode=none;
Environment variable BV_SPECFLOW_TEST_DB found:data source=10.58.171.19;initial catalog=BV_Specflow;User ID=test;Password=test;sslmode=none;
]]></output>
                    <test-case id="0-1101" name="CheckCorrespondence" fullname="Flow.Tests.Selenium.Tests.Regression.Events.Correspondence.CorrespondenceTest.CheckCorrespondence" methodname="CheckCorrespondence" classname="Flow.Tests.Selenium.Tests.Regression.Events.Correspondence.CorrespondenceTest" runstate="Runnable" seed="1781816811" result="Failed" label="Error" site="Parent" start-time="0001-01-01 00:00:00Z" end-time="0001-01-01 00:00:00Z" duration="0.000000" asserts="0">
                      <properties>
                        <property name="Category" value="BasicSmoke" />
                        <property name="CustomRetry" value="3" />
                      </properties>
                      <failure>
                        <message><![CDATA[OneTimeSetUp: System.InvalidOperationException : Mapper already initialized. You must call Initialize once per application domain/process.]]></message>
                      </failure>
                    </test-case>
                  </test-suite>
                </test-suite>
              </test-suite>
            </test-suite>
            <test-suite type="TestSuite" id="0-1107" name="Smoke" fullname="Flow.Tests.Selenium.Tests.Smoke" runstate="Runnable" testcasecount="54" result="Failed" site="Child" start-time="2020-04-08 06:49:47Z" end-time="2020-04-08 06:51:40Z" duration="113.050926" total="49" passed="0" failed="49" warnings="0" inconclusive="0" skipped="0" asserts="0">
              <properties />
              <failure>
                <message><![CDATA[One or more child tests had errors]]></message>
              </failure>
              <test-suite type="TestFixture" id="0-1004" name="ApprovalSmokeTest" fullname="Flow.Tests.Selenium.Tests.Smoke.ApprovalSmokeTest" classname="Flow.Tests.Selenium.Tests.Smoke.ApprovalSmokeTest" runstate="Runnable" testcasecount="1" result="Failed" label="Error" site="TearDown" start-time="2020-04-08 06:50:00Z" end-time="2020-04-08 06:50:03Z" duration="2.573774" total="1" passed="0" failed="1" warnings="0" inconclusive="0" skipped="0" asserts="0">
                <properties />
                <failure>
                  <message><![CDATA[System.InvalidOperationException : Mapper already initialized. You must call Initialize once per application domain/process.
TearDown : System.InvalidOperationException : Mapper already initialized. You must call Initialize once per application domain/process.]]></message>
                  <stack-trace><![CDATA[   at AutoMapper.Mapper.set_Configuration(IConfigurationProvider value)
   at AutoMapper.Mapper.Initialize(Action`1 config)
   at Flow.Tests.Selenium.Core.TestBasePpt.get_DatabaseManager()
   at Flow.Tests.Selenium.Core.TestBasePpt.OneTimeSetUp()
--TearDown
   at AutoMapper.Mapper.set_Configuration(IConfigurationProvider value)
   at AutoMapper.Mapper.Initialize(Action`1 config)
   at Flow.Tests.Selenium.Core.TestBasePpt.get_DatabaseManager()
   at Flow.Tests.Selenium.Core.TestBasePpt.OneTimeTearDown()]]></stack-trace>
                </failure>
                <output><![CDATA[=============== ApprovalSmokeTest started at: 4/8/2020 8:50:01 AM ===============
---> ApprovalSmokeTest Config[AppUrl]: https://flytchildweb902.flyttest.visma.com:444/
---> ApprovalSmokeTest Config[SeleniumBrowser]: chrome
---> ApprovalSmokeTest Config[SeleniumGridUrl]: http://flytapp901.flyttest.visma.com:4444/wd/hub
---> ApprovalSmokeTest Resolution: 1024x768
Environment variable BV_SPECFLOW_TEST_DB found:data source=10.58.171.19;initial catalog=BV_Specflow;User ID=test;Password=test;sslmode=none;
Environment variable BV_SPECFLOW_TEST_DB found:data source=10.58.171.19;initial catalog=BV_Specflow;User ID=test;Password=test;sslmode=none;
]]></output>
                <test-case id="0-1005" name="CheckApproval" fullname="Flow.Tests.Selenium.Tests.Smoke.ApprovalSmokeTest.CheckApproval" methodname="CheckApproval" classname="Flow.Tests.Selenium.Tests.Smoke.ApprovalSmokeTest" runstate="Ignored" seed="582000095" result="Failed" label="Error" site="Parent" start-time="0001-01-01 00:00:00Z" end-time="0001-01-01 00:00:00Z" duration="0.000000" asserts="0">
                  <properties>
                    <property name="Category" value="BasicSmoke" />
                    <property name="_SKIPREASON" value="might be causing failure of other tests" />
                  </properties>
                  <failure>
                    <message><![CDATA[OneTimeSetUp: System.InvalidOperationException : Mapper already initialized. You must call Initialize once per application domain/process.]]></message>
                  </failure>
                </test-case>
              </test-suite>
              <test-suite type="TestSuite" id="0-1115" name="BackLinkTests" fullname="Flow.Tests.Selenium.Tests.Smoke.BackLinkTests" runstate="Runnable" testcasecount="6" result="Failed" site="Child" start-time="2020-04-08 06:49:47Z" end-time="2020-04-08 06:50:08Z" duration="21.031965" total="6" passed="0" failed="6" warnings="0" inconclusive="0" skipped="0" asserts="0">
                <properties />
                <failure>
                  <message><![CDATA[One or more child tests had errors]]></message>
                </failure>
                <test-suite type="TestFixture" id="0-1082" name="HomeBackLinkSmokeTest" fullname="Flow.Tests.Selenium.Tests.Smoke.BackLinkTests.HomeBackLinkSmokeTest" classname="Flow.Tests.Selenium.Tests.Smoke.BackLinkTests.HomeBackLinkSmokeTest" runstate="Runnable" testcasecount="4" result="Failed" label="Error" site="TearDown" start-time="2020-04-08 06:50:03Z" end-time="2020-04-08 06:50:05Z" duration="2.527538" total="4" passed="0" failed="4" warnings="0" inconclusive="0" skipped="0" asserts="0">
                  <properties />
                  <failure>
                    <message><![CDATA[System.InvalidOperationException : Mapper already initialized. You must call Initialize once per application domain/process.
TearDown : System.InvalidOperationException : Mapper already initialized. You must call Initialize once per application domain/process.]]></message>
                    <stack-trace><![CDATA[   at AutoMapper.Mapper.set_Configuration(IConfigurationProvider value)
   at AutoMapper.Mapper.Initialize(Action`1 config)
   at Flow.Tests.Selenium.Core.TestBasePpt.get_DatabaseManager()
   at Flow.Tests.Selenium.Core.TestBasePpt.OneTimeSetUp()
--TearDown
   at AutoMapper.Mapper.set_Configuration(IConfigurationProvider value)
   at AutoMapper.Mapper.Initialize(Action`1 config)
   at Flow.Tests.Selenium.Core.TestBasePpt.get_DatabaseManager()
   at Flow.Tests.Selenium.Core.TestBasePpt.OneTimeTearDown()]]></stack-trace>
                  </failure>
                  <output><![CDATA[=============== HomeBackLinkSmokeTest started at: 4/8/2020 8:50:03 AM ===============
---> HomeBackLinkSmokeTest Config[AppUrl]: https://flytchildweb902.flyttest.visma.com:444/
---> HomeBackLinkSmokeTest Config[SeleniumBrowser]: chrome
---> HomeBackLinkSmokeTest Config[SeleniumGridUrl]: http://flytapp901.flyttest.visma.com:4444/wd/hub
---> HomeBackLinkSmokeTest Resolution: 1024x768
Environment variable BV_SPECFLOW_TEST_DB found:data source=10.58.171.19;initial catalog=BV_Specflow;User ID=test;Password=test;sslmode=none;
Environment variable BV_SPECFLOW_TEST_DB found:data source=10.58.171.19;initial catalog=BV_Specflow;User ID=test;Password=test;sslmode=none;
]]></output>
                  <test-case id="0-1083" name="CheckCorrespondenceBackLinkFromHome" fullname="Flow.Tests.Selenium.Tests.Smoke.BackLinkTests.HomeBackLinkSmokeTest.CheckCorrespondenceBackLinkFromHome" methodname="CheckCorrespondenceBackLinkFromHome" classname="Flow.Tests.Selenium.Tests.Smoke.BackLinkTests.HomeBackLinkSmokeTest" runstate="Runnable" seed="969018134" result="Failed" label="Error" site="Parent" start-time="0001-01-01 00:00:00Z" end-time="0001-01-01 00:00:00Z" duration="0.000000" asserts="0">
                    <properties>
                      <property name="Category" value="BasicSmoke" />
                      <property name="CustomRetry" value="3" />
                    </properties>
                    <failure>
                      <message><![CDATA[OneTimeSetUp: System.InvalidOperationException : Mapper already initialized. You must call Initialize once per application domain/process.]]></message>
                    </failure>
                  </test-case>
                  <test-case id="0-1085" name="CheckHomeBackLinkFromHomeCorrespondenceClientDetails" fullname="Flow.Tests.Selenium.Tests.Smoke.BackLinkTests.HomeBackLinkSmokeTest.CheckHomeBackLinkFromHomeCorrespondenceClientDetails" methodname="CheckHomeBackLinkFromHomeCorrespondenceClientDetails" classname="Flow.Tests.Selenium.Tests.Smoke.BackLinkTests.HomeBackLinkSmokeTest" runstate="Runnable" seed="1184409295" result="Failed" label="Error" site="Parent" start-time="0001-01-01 00:00:00Z" end-time="0001-01-01 00:00:00Z" duration="0.000000" asserts="0">
                    <properties>
                      <property name="Category" value="BasicSmoke" />
                      <property name="CustomRetry" value="3" />
                    </properties>
                    <failure>
                      <message><![CDATA[OneTimeSetUp: System.InvalidOperationException : Mapper already initialized. You must call Initialize once per application domain/process.]]></message>
                    </failure>
                  </test-case>
                  <test-case id="0-1086" name="CheckHomeBackLinkFromHomeJournalClientDetails" fullname="Flow.Tests.Selenium.Tests.Smoke.BackLinkTests.HomeBackLinkSmokeTest.CheckHomeBackLinkFromHomeJournalClientDetails" methodname="CheckHomeBackLinkFromHomeJournalClientDetails" classname="Flow.Tests.Selenium.Tests.Smoke.BackLinkTests.HomeBackLinkSmokeTest" runstate="Runnable" seed="1353019048" result="Failed" label="Error" site="Parent" start-time="0001-01-01 00:00:00Z" end-time="0001-01-01 00:00:00Z" duration="0.000000" asserts="0">
                    <properties>
                      <property name="Category" value="BasicSmoke" />
                      <property name="CustomRetry" value="3" />
                    </properties>
                    <failure>
                      <message><![CDATA[OneTimeSetUp: System.InvalidOperationException : Mapper already initialized. You must call Initialize once per application domain/process.]]></message>
                    </failure>
                  </test-case>
                  <test-case id="0-1084" name="CheckJournalBackLinkFromHome" fullname="Flow.Tests.Selenium.Tests.Smoke.BackLinkTests.HomeBackLinkSmokeTest.CheckJournalBackLinkFromHome" methodname="CheckJournalBackLinkFromHome" classname="Flow.Tests.Selenium.Tests.Smoke.BackLinkTests.HomeBackLinkSmokeTest" runstate="Runnable" seed="2100567378" result="Failed" label="Error" site="Parent" start-time="0001-01-01 00:00:00Z" end-time="0001-01-01 00:00:00Z" duration="0.000000" asserts="0">
                    <properties>
                      <property name="Category" value="BasicSmoke" />
                      <property name="CustomRetry" value="3" />
                    </properties>
                    <failure>
                      <message><![CDATA[OneTimeSetUp: System.InvalidOperationException : Mapper already initialized. You must call Initialize once per application domain/process.]]></message>
                    </failure>
                  </test-case>
                </test-suite>
                <test-suite type="TestFixture" id="0-1087" name="JournalBackLinkSmokeTest" fullname="Flow.Tests.Selenium.Tests.Smoke.BackLinkTests.JournalBackLinkSmokeTest" classname="Flow.Tests.Selenium.Tests.Smoke.BackLinkTests.JournalBackLinkSmokeTest" runstate="Runnable" testcasecount="2" result="Failed" label="Error" site="TearDown" start-time="2020-04-08 06:50:05Z" end-time="2020-04-08 06:50:08Z" duration="2.685319" total="2" passed="0" failed="2" warnings="0" inconclusive="0" skipped="0" asserts="0">
                  <properties />
                  <failure>
                    <message><![CDATA[System.InvalidOperationException : Mapper already initialized. You must call Initialize once per application domain/process.
TearDown : System.InvalidOperationException : Mapper already initialized. You must call Initialize once per application domain/process.]]></message>
                    <stack-trace><![CDATA[   at AutoMapper.Mapper.set_Configuration(IConfigurationProvider value)
   at AutoMapper.Mapper.Initialize(Action`1 config)
   at Flow.Tests.Selenium.Core.TestBasePpt.get_DatabaseManager()
   at Flow.Tests.Selenium.Core.TestBasePpt.OneTimeSetUp()
--TearDown
   at AutoMapper.Mapper.set_Configuration(IConfigurationProvider value)
   at AutoMapper.Mapper.Initialize(Action`1 config)
   at Flow.Tests.Selenium.Core.TestBasePpt.get_DatabaseManager()
   at Flow.Tests.Selenium.Core.TestBasePpt.OneTimeTearDown()]]></stack-trace>
                  </failure>
                  <output><![CDATA[=============== JournalBackLinkSmokeTest started at: 4/8/2020 8:50:06 AM ===============
---> JournalBackLinkSmokeTest Config[AppUrl]: https://flytchildweb902.flyttest.visma.com:444/
---> JournalBackLinkSmokeTest Config[SeleniumBrowser]: chrome
---> JournalBackLinkSmokeTest Config[SeleniumGridUrl]: http://flytapp901.flyttest.visma.com:4444/wd/hub
---> JournalBackLinkSmokeTest Resolution: 1024x768
Environment variable BV_SPECFLOW_TEST_DB found:data source=10.58.171.19;initial catalog=BV_Specflow;User ID=test;Password=test;sslmode=none;
Environment variable BV_SPECFLOW_TEST_DB found:data source=10.58.171.19;initial catalog=BV_Specflow;User ID=test;Password=test;sslmode=none;
]]></output>
                  <test-case id="0-1089" name="CheckJournalBackLinkToCase" fullname="Flow.Tests.Selenium.Tests.Smoke.BackLinkTests.JournalBackLinkSmokeTest.CheckJournalBackLinkToCase" methodname="CheckJournalBackLinkToCase" classname="Flow.Tests.Selenium.Tests.Smoke.BackLinkTests.JournalBackLinkSmokeTest" runstate="Runnable" seed="2025878874" result="Failed" label="Error" site="Parent" start-time="0001-01-01 00:00:00Z" end-time="0001-01-01 00:00:00Z" duration="0.000000" asserts="0">
                    <properties>
                      <property name="Category" value="BasicSmoke" />
                      <property name="CustomRetry" value="3" />
                    </properties>
                    <failure>
                      <message><![CDATA[OneTimeSetUp: System.InvalidOperationException : Mapper already initialized. You must call Initialize once per application domain/process.]]></message>
                    </failure>
                  </test-case>
                  <test-case id="0-1088" name="CheckJournalBackLinkToClientDetailsEventAndCase" fullname="Flow.Tests.Selenium.Tests.Smoke.BackLinkTests.JournalBackLinkSmokeTest.CheckJournalBackLinkToClientDetailsEventAndCase" methodname="CheckJournalBackLinkToClientDetailsEventAndCase" classname="Flow.Tests.Selenium.Tests.Smoke.BackLinkTests.JournalBackLinkSmokeTest" runstate="Runnable" seed="315568773" result="Failed" label="Error" site="Parent" start-time="0001-01-01 00:00:00Z" end-time="0001-01-01 00:00:00Z" duration="0.000000" asserts="0">
                    <properties>
                      <property name="Category" value="BasicSmoke" />
                      <property name="CustomRetry" value="3" />
                    </properties>
                    <failure>
                      <message><![CDATA[OneTimeSetUp: System.InvalidOperationException : Mapper already initialized. You must call Initialize once per application domain/process.]]></message>
                    </failure>
                  </test-case>
                </test-suite>
              </test-suite>
              <test-suite type="TestSuite" id="0-1111" name="BasicPageTests" fullname="Flow.Tests.Selenium.Tests.Smoke.BasicPageTests" runstate="Runnable" testcasecount="15" result="Failed" site="Child" start-time="2020-04-08 06:49:47Z" end-time="2020-04-08 06:50:29Z" duration="42.424818" total="15" passed="0" failed="15" warnings="0" inconclusive="0" skipped="0" asserts="0">
                <properties />
                <failure>
                  <message><![CDATA[One or more child tests had errors]]></message>
                </failure>
                <test-suite type="TestSuite" id="0-1112" name="MainApp" fullname="Flow.Tests.Selenium.Tests.Smoke.BasicPageTests.MainApp" runstate="Runnable" testcasecount="15" result="Failed" site="Child" start-time="2020-04-08 06:49:47Z" end-time="2020-04-08 06:50:29Z" duration="42.424809" total="15" passed="0" failed="15" warnings="0" inconclusive="0" skipped="0" asserts="0">
                  <properties />
                  <failure>
                    <message><![CDATA[One or more child tests had errors]]></message>
                  </failure>
                  <test-suite type="TestSuite" id="0-1114" name="Administration" fullname="Flow.Tests.Selenium.Tests.Smoke.BasicPageTests.MainApp.Administration" runstate="Runnable" testcasecount="1" result="Failed" site="Child" start-time="2020-04-08 06:49:47Z" end-time="2020-04-08 06:50:11Z" duration="23.684314" total="1" passed="0" failed="1" warnings="0" inconclusive="0" skipped="0" asserts="0">
                    <properties />
                    <failure>
                      <message><![CDATA[One or more child tests had errors]]></message>
                    </failure>
                    <test-suite type="TestFixture" id="0-1080" name="AdministrationSmokeTest" fullname="Flow.Tests.Selenium.Tests.Smoke.BasicPageTests.MainApp.Administration.AdministrationSmokeTest" classname="Flow.Tests.Selenium.Tests.Smoke.BasicPageTests.MainApp.Administration.AdministrationSmokeTest" runstate="Runnable" testcasecount="1" result="Failed" label="Error" site="TearDown" start-time="2020-04-08 06:50:08Z" end-time="2020-04-08 06:50:11Z" duration="2.652248" total="1" passed="0" failed="1" warnings="0" inconclusive="0" skipped="0" asserts="0">
                      <properties />
                      <failure>
                        <message><![CDATA[System.InvalidOperationException : Mapper already initialized. You must call Initialize once per application domain/process.
TearDown : System.InvalidOperationException : Mapper already initialized. You must call Initialize once per application domain/process.]]></message>
                        <stack-trace><![CDATA[   at AutoMapper.Mapper.set_Configuration(IConfigurationProvider value)
   at AutoMapper.Mapper.Initialize(Action`1 config)
   at Flow.Tests.Selenium.Core.TestBasePpt.get_DatabaseManager()
   at Flow.Tests.Selenium.Core.TestBasePpt.OneTimeSetUp()
--TearDown
   at AutoMapper.Mapper.set_Configuration(IConfigurationProvider value)
   at AutoMapper.Mapper.Initialize(Action`1 config)
   at Flow.Tests.Selenium.Core.TestBasePpt.get_DatabaseManager()
   at Flow.Tests.Selenium.Core.TestBasePpt.OneTimeTearDown()]]></stack-trace>
                      </failure>
                      <output><![CDATA[=============== AdministrationSmokeTest started at: 4/8/2020 8:50:08 AM ===============
---> AdministrationSmokeTest Config[AppUrl]: https://flytchildweb902.flyttest.visma.com:444/
---> AdministrationSmokeTest Config[SeleniumBrowser]: chrome
---> AdministrationSmokeTest Config[SeleniumGridUrl]: http://flytapp901.flyttest.visma.com:4444/wd/hub
---> AdministrationSmokeTest Resolution: 1024x768
Environment variable BV_SPECFLOW_TEST_DB found:data source=10.58.171.19;initial catalog=BV_Specflow;User ID=test;Password=test;sslmode=none;
Environment variable BV_SPECFLOW_TEST_DB found:data source=10.58.171.19;initial catalog=BV_Specflow;User ID=test;Password=test;sslmode=none;
]]></output>
                      <test-case id="0-1081" name="CheckAdministrationCodeElements" fullname="Flow.Tests.Selenium.Tests.Smoke.BasicPageTests.MainApp.Administration.AdministrationSmokeTest.CheckAdministrationCodeElements" methodname="CheckAdministrationCodeElements" classname="Flow.Tests.Selenium.Tests.Smoke.BasicPageTests.MainApp.Administration.AdministrationSmokeTest" runstate="Runnable" seed="675670878" result="Failed" label="Error" site="Parent" start-time="0001-01-01 00:00:00Z" end-time="0001-01-01 00:00:00Z" duration="0.000000" asserts="0">
                        <properties>
                          <property name="Category" value="BasicSmoke" />
                          <property name="CustomRetry" value="3" />
                        </properties>
                        <failure>
                          <message><![CDATA[OneTimeSetUp: System.InvalidOperationException : Mapper already initialized. You must call Initialize once per application domain/process.]]></message>
                        </failure>
                      </test-case>
                    </test-suite>
                  </test-suite>
                  <test-suite type="TestFixture" id="0-1059" name="BVIncomingPostSmokeTest" fullname="Flow.Tests.Selenium.Tests.Smoke.BasicPageTests.MainApp.BVIncomingPostSmokeTest" classname="Flow.Tests.Selenium.Tests.Smoke.BasicPageTests.MainApp.BVIncomingPostSmokeTest" runstate="Runnable" testcasecount="1" result="Failed" label="Error" site="TearDown" start-time="2020-04-08 06:50:11Z" end-time="2020-04-08 06:50:13Z" duration="2.595835" total="1" passed="0" failed="1" warnings="0" inconclusive="0" skipped="0" asserts="0">
                    <properties />
                    <failure>
                      <message><![CDATA[System.InvalidOperationException : Mapper already initialized. You must call Initialize once per application domain/process.
TearDown : System.InvalidOperationException : Mapper already initialized. You must call Initialize once per application domain/process.]]></message>
                      <stack-trace><![CDATA[   at AutoMapper.Mapper.set_Configuration(IConfigurationProvider value)
   at AutoMapper.Mapper.Initialize(Action`1 config)
   at Flow.Tests.Selenium.Core.TestBasePpt.get_DatabaseManager()
   at Flow.Tests.Selenium.Core.TestBasePpt.OneTimeSetUp()
--TearDown
   at AutoMapper.Mapper.set_Configuration(IConfigurationProvider value)
   at AutoMapper.Mapper.Initialize(Action`1 config)
   at Flow.Tests.Selenium.Core.TestBasePpt.get_DatabaseManager()
   at Flow.Tests.Selenium.Core.TestBasePpt.OneTimeTearDown()]]></stack-trace>
                    </failure>
                    <output><![CDATA[=============== BVIncomingPostSmokeTest started at: 4/8/2020 8:50:11 AM ===============
---> BVIncomingPostSmokeTest Config[AppUrl]: https://flytchildweb902.flyttest.visma.com:444/
---> BVIncomingPostSmokeTest Config[SeleniumBrowser]: chrome
---> BVIncomingPostSmokeTest Config[SeleniumGridUrl]: http://flytapp901.flyttest.visma.com:4444/wd/hub
---> BVIncomingPostSmokeTest Resolution: 1024x768
Environment variable BV_SPECFLOW_TEST_DB found:data source=10.58.171.19;initial catalog=BV_Specflow;User ID=test;Password=test;sslmode=none;
Environment variable BV_SPECFLOW_TEST_DB found:data source=10.58.171.19;initial catalog=BV_Specflow;User ID=test;Password=test;sslmode=none;
]]></output>
                    <test-case id="0-1060" name="VerifyIncomingPostElementsBV" fullname="Flow.Tests.Selenium.Tests.Smoke.BasicPageTests.MainApp.BVIncomingPostSmokeTest.VerifyIncomingPostElementsBV" methodname="VerifyIncomingPostElementsBV" classname="Flow.Tests.Selenium.Tests.Smoke.BasicPageTests.MainApp.BVIncomingPostSmokeTest" runstate="Runnable" seed="1453061862" result="Failed" label="Error" site="Parent" start-time="0001-01-01 00:00:00Z" end-time="0001-01-01 00:00:00Z" duration="0.000000" asserts="0">
                      <properties>
                        <property name="Category" value="BasicSmoke" />
                        <property name="CustomRetry" value="3" />
                      </properties>
                      <failure>
                        <message><![CDATA[OneTimeSetUp: System.InvalidOperationException : Mapper already initialized. You must call Initialize once per application domain/process.]]></message>
                      </failure>
                    </test-case>
                  </test-suite>
                  <test-suite type="TestFixture" id="0-1061" name="BVVIncomingPostSmokeTest" fullname="Flow.Tests.Selenium.Tests.Smoke.BasicPageTests.MainApp.BVVIncomingPostSmokeTest" classname="Flow.Tests.Selenium.Tests.Smoke.BasicPageTests.MainApp.BVVIncomingPostSmokeTest" runstate="Runnable" testcasecount="1" result="Failed" label="Error" site="TearDown" start-time="2020-04-08 06:50:13Z" end-time="2020-04-08 06:50:16Z" duration="2.590358" total="1" passed="0" failed="1" warnings="0" inconclusive="0" skipped="0" asserts="0">
                    <properties />
                    <failure>
                      <message><![CDATA[System.InvalidOperationException : Mapper already initialized. You must call Initialize once per application domain/process.
TearDown : System.InvalidOperationException : Mapper already initialized. You must call Initialize once per application domain/process.]]></message>
                      <stack-trace><![CDATA[   at AutoMapper.Mapper.set_Configuration(IConfigurationProvider value)
   at AutoMapper.Mapper.Initialize(Action`1 config)
   at Flow.Tests.Selenium.Core.TestBasePpt.get_DatabaseManager()
   at Flow.Tests.Selenium.Core.TestBasePpt.OneTimeSetUp()
--TearDown
   at AutoMapper.Mapper.set_Configuration(IConfigurationProvider value)
   at AutoMapper.Mapper.Initialize(Action`1 config)
   at Flow.Tests.Selenium.Core.TestBasePpt.get_DatabaseManager()
   at Flow.Tests.Selenium.Core.TestBasePpt.OneTimeTearDown()]]></stack-trace>
                    </failure>
                    <output><![CDATA[=============== BVVIncomingPostSmokeTest started at: 4/8/2020 8:50:14 AM ===============
---> BVVIncomingPostSmokeTest Config[AppUrl]: https://flytchildweb902.flyttest.visma.com:444/
---> BVVIncomingPostSmokeTest Config[SeleniumBrowser]: chrome
---> BVVIncomingPostSmokeTest Config[SeleniumGridUrl]: http://flytapp901.flyttest.visma.com:4444/wd/hub
---> BVVIncomingPostSmokeTest Resolution: 1024x768
Environment variable BV_SPECFLOW_TEST_DB found:data source=10.58.171.19;initial catalog=BV_Specflow;User ID=test;Password=test;sslmode=none;
Environment variable BV_SPECFLOW_TEST_DB found:data source=10.58.171.19;initial catalog=BV_Specflow;User ID=test;Password=test;sslmode=none;
]]></output>
                    <test-case id="0-1062" name="VerifyIncomingPostElementsBVV" fullname="Flow.Tests.Selenium.Tests.Smoke.BasicPageTests.MainApp.BVVIncomingPostSmokeTest.VerifyIncomingPostElementsBVV" methodname="VerifyIncomingPostElementsBVV" classname="Flow.Tests.Selenium.Tests.Smoke.BasicPageTests.MainApp.BVVIncomingPostSmokeTest" runstate="Runnable" seed="1040834393" result="Failed" label="Error" site="Parent" start-time="0001-01-01 00:00:00Z" end-time="0001-01-01 00:00:00Z" duration="0.000000" asserts="0">
                      <properties>
                        <property name="Category" value="BasicSmoke" />
                        <property name="CustomRetry" value="3" />
                      </properties>
                      <failure>
                        <message><![CDATA[OneTimeSetUp: System.InvalidOperationException : Mapper already initialized. You must call Initialize once per application domain/process.]]></message>
                      </failure>
                    </test-case>
                  </test-suite>
                  <test-suite type="TestFixture" id="0-1063" name="EnquiryElementsTest" fullname="Flow.Tests.Selenium.Tests.Smoke.BasicPageTests.MainApp.EnquiryElementsTest" classname="Flow.Tests.Selenium.Tests.Smoke.BasicPageTests.MainApp.EnquiryElementsTest" runstate="Runnable" testcasecount="1" result="Failed" label="Error" site="TearDown" start-time="2020-04-08 06:50:16Z" end-time="2020-04-08 06:50:18Z" duration="2.746995" total="1" passed="0" failed="1" warnings="0" inconclusive="0" skipped="0" asserts="0">
                    <properties />
                    <failure>
                      <message><![CDATA[System.InvalidOperationException : Mapper already initialized. You must call Initialize once per application domain/process.
TearDown : System.InvalidOperationException : Mapper already initialized. You must call Initialize once per application domain/process.]]></message>
                      <stack-trace><![CDATA[   at AutoMapper.Mapper.set_Configuration(IConfigurationProvider value)
   at AutoMapper.Mapper.Initialize(Action`1 config)
   at Flow.Tests.Selenium.Core.TestBasePpt.get_DatabaseManager()
   at Flow.Tests.Selenium.Core.TestBasePpt.OneTimeSetUp()
--TearDown
   at AutoMapper.Mapper.set_Configuration(IConfigurationProvider value)
   at AutoMapper.Mapper.Initialize(Action`1 config)
   at Flow.Tests.Selenium.Core.TestBasePpt.get_DatabaseManager()
   at Flow.Tests.Selenium.Core.TestBasePpt.OneTimeTearDown()]]></stack-trace>
                    </failure>
                    <output><![CDATA[=============== EnquiryElementsTest started at: 4/8/2020 8:50:16 AM ===============
---> EnquiryElementsTest Config[AppUrl]: https://flytchildweb902.flyttest.visma.com:444/
---> EnquiryElementsTest Config[SeleniumBrowser]: chrome
---> EnquiryElementsTest Config[SeleniumGridUrl]: http://flytapp901.flyttest.visma.com:4444/wd/hub
---> EnquiryElementsTest Resolution: 1024x768
Environment variable BV_SPECFLOW_TEST_DB found:data source=10.58.171.19;initial catalog=BV_Specflow;User ID=test;Password=test;sslmode=none;
Environment variable BV_SPECFLOW_TEST_DB found:data source=10.58.171.19;initial catalog=BV_Specflow;User ID=test;Password=test;sslmode=none;
]]></output>
                    <test-case id="0-1064" name="CheckEnquiryElementsFromClientDetails" fullname="Flow.Tests.Selenium.Tests.Smoke.BasicPageTests.MainApp.EnquiryElementsTest.CheckEnquiryElementsFromClientDetails" methodname="CheckEnquiryElementsFromClientDetails" classname="Flow.Tests.Selenium.Tests.Smoke.BasicPageTests.MainApp.EnquiryElementsTest" runstate="Runnable" seed="1785500239" result="Failed" label="Error" site="Parent" start-time="0001-01-01 00:00:00Z" end-time="0001-01-01 00:00:00Z" duration="0.000000" asserts="0">
                      <properties>
                        <property name="Category" value="BasicSmoke" />
                        <property name="CustomRetry" value="3" />
                      </properties>
                      <failure>
                        <message><![CDATA[OneTimeSetUp: System.InvalidOperationException : Mapper already initialized. You must call Initialize once per application domain/process.]]></message>
                      </failure>
                    </test-case>
                  </test-suite>
                  <test-suite type="TestFixture" id="0-1065" name="IncomingPostReferralTest" fullname="Flow.Tests.Selenium.Tests.Smoke.BasicPageTests.MainApp.IncomingPostReferralTest" classname="Flow.Tests.Selenium.Tests.Smoke.BasicPageTests.MainApp.IncomingPostReferralTest" runstate="Runnable" testcasecount="1" result="Failed" label="Error" site="TearDown" start-time="2020-04-08 06:50:18Z" end-time="2020-04-08 06:50:21Z" duration="2.947731" total="1" passed="0" failed="1" warnings="0" inconclusive="0" skipped="0" asserts="0">
                    <properties />
                    <failure>
                      <message><![CDATA[System.InvalidOperationException : Mapper already initialized. You must call Initialize once per application domain/process.
TearDown : System.InvalidOperationException : Mapper already initialized. You must call Initialize once per application domain/process.]]></message>
                      <stack-trace><![CDATA[   at AutoMapper.Mapper.set_Configuration(IConfigurationProvider value)
   at AutoMapper.Mapper.Initialize(Action`1 config)
   at Flow.Tests.Selenium.Core.TestBasePpt.get_DatabaseManager()
   at Flow.Tests.Selenium.Core.TestBasePpt.OneTimeSetUp()
--TearDown
   at AutoMapper.Mapper.set_Configuration(IConfigurationProvider value)
   at AutoMapper.Mapper.Initialize(Action`1 config)
   at Flow.Tests.Selenium.Core.TestBasePpt.get_DatabaseManager()
   at Flow.Tests.Selenium.Core.TestBasePpt.OneTimeTearDown()]]></stack-trace>
                    </failure>
                    <output><![CDATA[=============== IncomingPostReferralTest started at: 4/8/2020 8:50:19 AM ===============
---> IncomingPostReferralTest Config[AppUrl]: https://flytchildweb902.flyttest.visma.com:444/
---> IncomingPostReferralTest Config[SeleniumBrowser]: chrome
---> IncomingPostReferralTest Config[SeleniumGridUrl]: http://flytapp901.flyttest.visma.com:4444/wd/hub
---> IncomingPostReferralTest Resolution: 1024x768
Environment variable BV_SPECFLOW_TEST_DB found:data source=10.58.171.19;initial catalog=BV_Specflow;User ID=test;Password=test;sslmode=none;
Environment variable BV_SPECFLOW_TEST_DB found:data source=10.58.171.19;initial catalog=BV_Specflow;User ID=test;Password=test;sslmode=none;
]]></output>
                    <test-case id="0-1066" name="CreatePostRegistrationReferral" fullname="Flow.Tests.Selenium.Tests.Smoke.BasicPageTests.MainApp.IncomingPostReferralTest.CreatePostRegistrationReferral" methodname="CreatePostRegistrationReferral" classname="Flow.Tests.Selenium.Tests.Smoke.BasicPageTests.MainApp.IncomingPostReferralTest" runstate="Runnable" seed="521894887" result="Failed" label="Error" site="Parent" start-time="0001-01-01 00:00:00Z" end-time="0001-01-01 00:00:00Z" duration="0.000000" asserts="0">
                      <properties>
                        <property name="Category" value="BasicSmoke" />
                        <property name="CustomRetry" value="3" />
                      </properties>
                      <failure>
                        <message><![CDATA[OneTimeSetUp: System.InvalidOperationException : Mapper already initialized. You must call Initialize once per application domain/process.]]></message>
                      </failure>
                    </test-case>
                  </test-suite>
                  <test-suite type="TestFixture" id="0-1067" name="IncomingPostSmokeTest" fullname="Flow.Tests.Selenium.Tests.Smoke.BasicPageTests.MainApp.IncomingPostSmokeTest" classname="Flow.Tests.Selenium.Tests.Smoke.BasicPageTests.MainApp.IncomingPostSmokeTest" runstate="Runnable" testcasecount="1" result="Failed" label="Error" site="TearDown" start-time="2020-04-08 06:50:21Z" end-time="2020-04-08 06:50:24Z" duration="2.589053" total="1" passed="0" failed="1" warnings="0" inconclusive="0" skipped="0" asserts="0">
                    <properties />
                    <failure>
                      <message><![CDATA[System.InvalidOperationException : Mapper already initialized. You must call Initialize once per application domain/process.
TearDown : System.InvalidOperationException : Mapper already initialized. You must call Initialize once per application domain/process.]]></message>
                      <stack-trace><![CDATA[   at AutoMapper.Mapper.set_Configuration(IConfigurationProvider value)
   at AutoMapper.Mapper.Initialize(Action`1 config)
   at Flow.Tests.Selenium.Core.TestBasePpt.get_DatabaseManager()
   at Flow.Tests.Selenium.Core.TestBasePpt.OneTimeSetUp()
--TearDown
   at AutoMapper.Mapper.set_Configuration(IConfigurationProvider value)
   at AutoMapper.Mapper.Initialize(Action`1 config)
   at Flow.Tests.Selenium.Core.TestBasePpt.get_DatabaseManager()
   at Flow.Tests.Selenium.Core.TestBasePpt.OneTimeTearDown()]]></stack-trace>
                    </failure>
                    <output><![CDATA[=============== IncomingPostSmokeTest started at: 4/8/2020 8:50:22 AM ===============
---> IncomingPostSmokeTest Config[AppUrl]: https://flytchildweb902.flyttest.visma.com:444/
---> IncomingPostSmokeTest Config[SeleniumBrowser]: chrome
---> IncomingPostSmokeTest Config[SeleniumGridUrl]: http://flytapp901.flyttest.visma.com:4444/wd/hub
---> IncomingPostSmokeTest Resolution: 1024x768
Environment variable BV_SPECFLOW_TEST_DB found:data source=10.58.171.19;initial catalog=BV_Specflow;User ID=test;Password=test;sslmode=none;
Environment variable BV_SPECFLOW_TEST_DB found:data source=10.58.171.19;initial catalog=BV_Specflow;User ID=test;Password=test;sslmode=none;
]]></output>
                    <test-case id="0-1068" name="VerifyIncomingPostElements" fullname="Flow.Tests.Selenium.Tests.Smoke.BasicPageTests.MainApp.IncomingPostSmokeTest.VerifyIncomingPostElements" methodname="VerifyIncomingPostElements" classname="Flow.Tests.Selenium.Tests.Smoke.BasicPageTests.MainApp.IncomingPostSmokeTest" runstate="Runnable" seed="1597803121" result="Failed" label="Error" site="Parent" start-time="0001-01-01 00:00:00Z" end-time="0001-01-01 00:00:00Z" duration="0.000000" asserts="0">
                      <properties>
                        <property name="Category" value="BasicSmoke" />
                        <property name="CustomRetry" value="3" />
                      </properties>
                      <failure>
                        <message><![CDATA[OneTimeSetUp: System.InvalidOperationException : Mapper already initialized. You must call Initialize once per application domain/process.]]></message>
                      </failure>
                    </test-case>
                  </test-suite>
                  <test-suite type="TestSuite" id="0-1113" name="Statistics" fullname="Flow.Tests.Selenium.Tests.Smoke.BasicPageTests.MainApp.Statistics" runstate="Runnable" testcasecount="9" result="Failed" site="Child" start-time="2020-04-08 06:49:47Z" end-time="2020-04-08 06:50:29Z" duration="42.424784" total="9" passed="0" failed="9" warnings="0" inconclusive="0" skipped="0" asserts="0">
                    <properties />
                    <failure>
                      <message><![CDATA[One or more child tests had errors]]></message>
                    </failure>
                    <test-suite type="TestFixture" id="0-1069" name="QuerySmokeTest" fullname="Flow.Tests.Selenium.Tests.Smoke.BasicPageTests.MainApp.Statistics.QuerySmokeTest" classname="Flow.Tests.Selenium.Tests.Smoke.BasicPageTests.MainApp.Statistics.QuerySmokeTest" runstate="Runnable" testcasecount="4" result="Failed" label="Error" site="TearDown" start-time="2020-04-08 06:50:24Z" end-time="2020-04-08 06:50:27Z" duration="2.651324" total="4" passed="0" failed="4" warnings="0" inconclusive="0" skipped="0" asserts="0">
                      <properties />
                      <failure>
                        <message><![CDATA[System.InvalidOperationException : Mapper already initialized. You must call Initialize once per application domain/process.
TearDown : System.InvalidOperationException : Mapper already initialized. You must call Initialize once per application domain/process.]]></message>
                        <stack-trace><![CDATA[   at AutoMapper.Mapper.set_Configuration(IConfigurationProvider value)
   at AutoMapper.Mapper.Initialize(Action`1 config)
   at Flow.Tests.Selenium.Core.TestBasePpt.get_DatabaseManager()
   at Flow.Tests.Selenium.Core.TestBasePpt.OneTimeSetUp()
--TearDown
   at AutoMapper.Mapper.set_Configuration(IConfigurationProvider value)
   at AutoMapper.Mapper.Initialize(Action`1 config)
   at Flow.Tests.Selenium.Core.TestBasePpt.get_DatabaseManager()
   at Flow.Tests.Selenium.Core.TestBasePpt.OneTimeTearDown()]]></stack-trace>
                      </failure>
                      <output><![CDATA[=============== QuerySmokeTest started at: 4/8/2020 8:50:24 AM ===============
---> QuerySmokeTest Config[AppUrl]: https://flytchildweb902.flyttest.visma.com:444/
---> QuerySmokeTest Config[SeleniumBrowser]: chrome
---> QuerySmokeTest Config[SeleniumGridUrl]: http://flytapp901.flyttest.visma.com:4444/wd/hub
---> QuerySmokeTest Resolution: 1024x768
Environment variable BV_SPECFLOW_TEST_DB found:data source=10.58.171.19;initial catalog=BV_Specflow;User ID=test;Password=test;sslmode=none;
Environment variable BV_SPECFLOW_TEST_DB found:data source=10.58.171.19;initial catalog=BV_Specflow;User ID=test;Password=test;sslmode=none;
]]></output>
                      <test-case id="0-1072" name="CheckClientQuery" fullname="Flow.Tests.Selenium.Tests.Smoke.BasicPageTests.MainApp.Statistics.QuerySmokeTest.CheckClientQuery" methodname="CheckClientQuery" classname="Flow.Tests.Selenium.Tests.Smoke.BasicPageTests.MainApp.Statistics.QuerySmokeTest" runstate="Runnable" seed="913852150" result="Failed" label="Error" site="Parent" start-time="0001-01-01 00:00:00Z" end-time="0001-01-01 00:00:00Z" duration="0.000000" asserts="0">
                        <properties>
                          <property name="Category" value="BasicSmoke" />
                          <property name="CustomRetry" value="3" />
                        </properties>
                        <failure>
                          <message><![CDATA[OneTimeSetUp: System.InvalidOperationException : Mapper already initialized. You must call Initialize once per application domain/process.]]></message>
                        </failure>
                      </test-case>
                      <test-case id="0-1073" name="CheckEventQuery" fullname="Flow.Tests.Selenium.Tests.Smoke.BasicPageTests.MainApp.Statistics.QuerySmokeTest.CheckEventQuery" methodname="CheckEventQuery" classname="Flow.Tests.Selenium.Tests.Smoke.BasicPageTests.MainApp.Statistics.QuerySmokeTest" runstate="Runnable" seed="58067999" result="Failed" label="Error" site="Parent" start-time="0001-01-01 00:00:00Z" end-time="0001-01-01 00:00:00Z" duration="0.000000" asserts="0">
                        <properties>
                          <property name="Category" value="BasicSmoke" />
                          <property name="CustomRetry" value="3" />
                        </properties>
                        <failure>
                          <message><![CDATA[OneTimeSetUp: System.InvalidOperationException : Mapper already initialized. You must call Initialize once per application domain/process.]]></message>
                        </failure>
                      </test-case>
                      <test-case id="0-1070" name="CheckPersonCaseQuery" fullname="Flow.Tests.Selenium.Tests.Smoke.BasicPageTests.MainApp.Statistics.QuerySmokeTest.CheckPersonCaseQuery" methodname="CheckPersonCaseQuery" classname="Flow.Tests.Selenium.Tests.Smoke.BasicPageTests.MainApp.Statistics.QuerySmokeTest" runstate="Runnable" seed="1025766044" result="Failed" label="Error" site="Parent" start-time="0001-01-01 00:00:00Z" end-time="0001-01-01 00:00:00Z" duration="0.000000" asserts="0">
                        <properties>
                          <property name="Category" value="BasicSmoke" />
                          <property name="CustomRetry" value="3" />
                        </properties>
                        <failure>
                          <message><![CDATA[OneTimeSetUp: System.InvalidOperationException : Mapper already initialized. You must call Initialize once per application domain/process.]]></message>
                        </failure>
                      </test-case>
                      <test-case id="0-1071" name="CheckSystemCaseQuery" fullname="Flow.Tests.Selenium.Tests.Smoke.BasicPageTests.MainApp.Statistics.QuerySmokeTest.CheckSystemCaseQuery" methodname="CheckSystemCaseQuery" classname="Flow.Tests.Selenium.Tests.Smoke.BasicPageTests.MainApp.Statistics.QuerySmokeTest" runstate="Runnable" seed="968330514" result="Failed" label="Error" site="Parent" start-time="0001-01-01 00:00:00Z" end-time="0001-01-01 00:00:00Z" duration="0.000000" asserts="0">
                        <properties>
                          <property name="Category" value="BasicSmoke" />
                          <property name="CustomRetry" value="3" />
                        </properties>
                        <failure>
                          <message><![CDATA[OneTimeSetUp: System.InvalidOperationException : Mapper already initialized. You must call Initialize once per application domain/process.]]></message>
                        </failure>
                      </test-case>
                    </test-suite>
                    <test-suite type="TestFixture" id="0-1074" name="StatisticsTableSmokeTest" fullname="Flow.Tests.Selenium.Tests.Smoke.BasicPageTests.MainApp.Statistics.StatisticsTableSmokeTest" classname="Flow.Tests.Selenium.Tests.Smoke.BasicPageTests.MainApp.Statistics.StatisticsTableSmokeTest" runstate="Runnable" testcasecount="5" result="Failed" label="Error" site="TearDown" start-time="2020-04-08 06:50:27Z" end-time="2020-04-08 06:50:29Z" duration="2.617904" total="5" passed="0" failed="5" warnings="0" inconclusive="0" skipped="0" asserts="0">
                      <properties />
                      <failure>
                        <message><![CDATA[System.InvalidOperationException : Mapper already initialized. You must call Initialize once per application domain/process.
TearDown : System.InvalidOperationException : Mapper already initialized. You must call Initialize once per application domain/process.]]></message>
                        <stack-trace><![CDATA[   at AutoMapper.Mapper.set_Configuration(IConfigurationProvider value)
   at AutoMapper.Mapper.Initialize(Action`1 config)
   at Flow.Tests.Selenium.Core.TestBasePpt.get_DatabaseManager()
   at Flow.Tests.Selenium.Core.TestBasePpt.OneTimeSetUp()
--TearDown
   at AutoMapper.Mapper.set_Configuration(IConfigurationProvider value)
   at AutoMapper.Mapper.Initialize(Action`1 config)
   at Flow.Tests.Selenium.Core.TestBasePpt.get_DatabaseManager()
   at Flow.Tests.Selenium.Core.TestBasePpt.OneTimeTearDown()]]></stack-trace>
                      </failure>
                      <output><![CDATA[=============== StatisticsTableSmokeTest started at: 4/8/2020 8:50:27 AM ===============
---> StatisticsTableSmokeTest Config[AppUrl]: https://flytchildweb902.flyttest.visma.com:444/
---> StatisticsTableSmokeTest Config[SeleniumBrowser]: chrome
---> StatisticsTableSmokeTest Config[SeleniumGridUrl]: http://flytapp901.flyttest.visma.com:4444/wd/hub
---> StatisticsTableSmokeTest Resolution: 1024x768
Environment variable BV_SPECFLOW_TEST_DB found:data source=10.58.171.19;initial catalog=BV_Specflow;User ID=test;Password=test;sslmode=none;
Environment variable BV_SPECFLOW_TEST_DB found:data source=10.58.171.19;initial catalog=BV_Specflow;User ID=test;Password=test;sslmode=none;
]]></output>
                      <test-case id="0-1078" name="CheckAllOtherEventsFilters" fullname="Flow.Tests.Selenium.Tests.Smoke.BasicPageTests.MainApp.Statistics.StatisticsTableSmokeTest.CheckAllOtherEventsFilters" methodname="CheckAllOtherEventsFilters" classname="Flow.Tests.Selenium.Tests.Smoke.BasicPageTests.MainApp.Statistics.StatisticsTableSmokeTest" runstate="Runnable" seed="737211779" result="Failed" label="Error" site="Parent" start-time="0001-01-01 00:00:00Z" end-time="0001-01-01 00:00:00Z" duration="0.000000" asserts="0">
                        <properties>
                          <property name="Category" value="BasicSmoke" />
                          <property name="CustomRetry" value="3" />
                        </properties>
                        <failure>
                          <message><![CDATA[OneTimeSetUp: System.InvalidOperationException : Mapper already initialized. You must call Initialize once per application domain/process.]]></message>
                        </failure>
                      </test-case>
                      <test-case id="0-1079" name="CheckEventsFilters" fullname="Flow.Tests.Selenium.Tests.Smoke.BasicPageTests.MainApp.Statistics.StatisticsTableSmokeTest.CheckEventsFilters" methodname="CheckEventsFilters" classname="Flow.Tests.Selenium.Tests.Smoke.BasicPageTests.MainApp.Statistics.StatisticsTableSmokeTest" runstate="Runnable" seed="1999477118" result="Failed" label="Error" site="Parent" start-time="0001-01-01 00:00:00Z" end-time="0001-01-01 00:00:00Z" duration="0.000000" asserts="0">
                        <properties>
                          <property name="Category" value="BasicSmoke" />
                          <property name="CustomRetry" value="3" />
                        </properties>
                        <failure>
                          <message><![CDATA[OneTimeSetUp: System.InvalidOperationException : Mapper already initialized. You must call Initialize once per application domain/process.]]></message>
                        </failure>
                      </test-case>
                      <test-case id="0-1075" name="CheckPersonCasesFilters" fullname="Flow.Tests.Selenium.Tests.Smoke.BasicPageTests.MainApp.Statistics.StatisticsTableSmokeTest.CheckPersonCasesFilters" methodname="CheckPersonCasesFilters" classname="Flow.Tests.Selenium.Tests.Smoke.BasicPageTests.MainApp.Statistics.StatisticsTableSmokeTest" runstate="Runnable" seed="502642197" result="Failed" label="Error" site="Parent" start-time="0001-01-01 00:00:00Z" end-time="0001-01-01 00:00:00Z" duration="0.000000" asserts="0">
                        <properties>
                          <property name="Category" value="BasicSmoke" />
                          <property name="CustomRetry" value="3" />
                        </properties>
                        <failure>
                          <message><![CDATA[OneTimeSetUp: System.InvalidOperationException : Mapper already initialized. You must call Initialize once per application domain/process.]]></message>
                        </failure>
                      </test-case>
                      <test-case id="0-1077" name="CheckReferralsFilters" fullname="Flow.Tests.Selenium.Tests.Smoke.BasicPageTests.MainApp.Statistics.StatisticsTableSmokeTest.CheckReferralsFilters" methodname="CheckReferralsFilters" classname="Flow.Tests.Selenium.Tests.Smoke.BasicPageTests.MainApp.Statistics.StatisticsTableSmokeTest" runstate="Runnable" seed="694203737" result="Failed" label="Error" site="Parent" start-time="0001-01-01 00:00:00Z" end-time="0001-01-01 00:00:00Z" duration="0.000000" asserts="0">
                        <properties>
                          <property name="Category" value="BasicSmoke" />
                          <property name="CustomRetry" value="3" />
                        </properties>
                        <failure>
                          <message><![CDATA[OneTimeSetUp: System.InvalidOperationException : Mapper already initialized. You must call Initialize once per application domain/process.]]></message>
                        </failure>
                      </test-case>
                      <test-case id="0-1076" name="CheckSystemCasesFilters" fullname="Flow.Tests.Selenium.Tests.Smoke.BasicPageTests.MainApp.Statistics.StatisticsTableSmokeTest.CheckSystemCasesFilters" methodname="CheckSystemCasesFilters" classname="Flow.Tests.Selenium.Tests.Smoke.BasicPageTests.MainApp.Statistics.StatisticsTableSmokeTest" runstate="Runnable" seed="2057970559" result="Failed" label="Error" site="Parent" start-time="0001-01-01 00:00:00Z" end-time="0001-01-01 00:00:00Z" duration="0.000000" asserts="0">
                        <properties>
                          <property name="Category" value="BasicSmoke" />
                          <property name="CustomRetry" value="3" />
                        </properties>
                        <failure>
                          <message><![CDATA[OneTimeSetUp: System.InvalidOperationException : Mapper already initialized. You must call Initialize once per application domain/process.]]></message>
                        </failure>
                      </test-case>
                    </test-suite>
                  </test-suite>
                </test-suite>
              </test-suite>
              <test-suite type="TestFixture" id="0-1006" name="Ck5EditorCorrespondenceSmokeTest" fullname="Flow.Tests.Selenium.Tests.Smoke.Ck5EditorCorrespondenceSmokeTest" classname="Flow.Tests.Selenium.Tests.Smoke.Ck5EditorCorrespondenceSmokeTest" runstate="Runnable" testcasecount="1" result="Failed" label="Error" site="TearDown" start-time="2020-04-08 06:50:29Z" end-time="2020-04-08 06:50:32Z" duration="2.688002" total="1" passed="0" failed="1" warnings="0" inconclusive="0" skipped="0" asserts="0">
                <properties />
                <failure>
                  <message><![CDATA[System.InvalidOperationException : Mapper already initialized. You must call Initialize once per application domain/process.
TearDown : System.InvalidOperationException : Mapper already initialized. You must call Initialize once per application domain/process.]]></message>
                  <stack-trace><![CDATA[   at AutoMapper.Mapper.set_Configuration(IConfigurationProvider value)
   at AutoMapper.Mapper.Initialize(Action`1 config)
   at Flow.Tests.Selenium.Core.TestBasePpt.get_DatabaseManager()
   at Flow.Tests.Selenium.Core.TestBasePpt.OneTimeSetUp()
--TearDown
   at AutoMapper.Mapper.set_Configuration(IConfigurationProvider value)
   at AutoMapper.Mapper.Initialize(Action`1 config)
   at Flow.Tests.Selenium.Core.TestBasePpt.get_DatabaseManager()
   at Flow.Tests.Selenium.Core.TestBasePpt.OneTimeTearDown()]]></stack-trace>
                </failure>
                <output><![CDATA[=============== Ck5EditorCorrespondenceSmokeTest started at: 4/8/2020 8:50:30 AM ===============
---> Ck5EditorCorrespondenceSmokeTest Config[AppUrl]: https://flytchildweb902.flyttest.visma.com:444/
---> Ck5EditorCorrespondenceSmokeTest Config[SeleniumBrowser]: chrome
---> Ck5EditorCorrespondenceSmokeTest Config[SeleniumGridUrl]: http://flytapp901.flyttest.visma.com:4444/wd/hub
---> Ck5EditorCorrespondenceSmokeTest Resolution: 1024x768
Environment variable BV_SPECFLOW_TEST_DB found:data source=10.58.171.19;initial catalog=BV_Specflow;User ID=test;Password=test;sslmode=none;
Environment variable BV_SPECFLOW_TEST_DB found:data source=10.58.171.19;initial catalog=BV_Specflow;User ID=test;Password=test;sslmode=none;
]]></output>
                <test-case id="0-1007" name="CheckCk5EditorOnCorrespondence" fullname="Flow.Tests.Selenium.Tests.Smoke.Ck5EditorCorrespondenceSmokeTest.CheckCk5EditorOnCorrespondence" methodname="CheckCk5EditorOnCorrespondence" classname="Flow.Tests.Selenium.Tests.Smoke.Ck5EditorCorrespondenceSmokeTest" runstate="Runnable" seed="786008121" result="Failed" label="Error" site="Parent" start-time="0001-01-01 00:00:00Z" end-time="0001-01-01 00:00:00Z" duration="0.000000" asserts="0">
                  <properties>
                    <property name="Category" value="BasicSmoke" />
                    <property name="CustomRetry" value="3" />
                  </properties>
                  <failure>
                    <message><![CDATA[OneTimeSetUp: System.InvalidOperationException : Mapper already initialized. You must call Initialize once per application domain/process.]]></message>
                  </failure>
                </test-case>
              </test-suite>
              <test-suite type="TestFixture" id="0-1008" name="Ck5EditorEnquirySmokeTest" fullname="Flow.Tests.Selenium.Tests.Smoke.Ck5EditorEnquirySmokeTest" classname="Flow.Tests.Selenium.Tests.Smoke.Ck5EditorEnquirySmokeTest" runstate="Runnable" testcasecount="1" result="Failed" label="Error" site="TearDown" start-time="2020-04-08 06:50:32Z" end-time="2020-04-08 06:50:35Z" duration="2.680384" total="1" passed="0" failed="1" warnings="0" inconclusive="0" skipped="0" asserts="0">
                <properties />
                <failure>
                  <message><![CDATA[System.InvalidOperationException : Mapper already initialized. You must call Initialize once per application domain/process.
TearDown : System.InvalidOperationException : Mapper already initialized. You must call Initialize once per application domain/process.]]></message>
                  <stack-trace><![CDATA[   at AutoMapper.Mapper.set_Configuration(IConfigurationProvider value)
   at AutoMapper.Mapper.Initialize(Action`1 config)
   at Flow.Tests.Selenium.Core.TestBasePpt.get_DatabaseManager()
   at Flow.Tests.Selenium.Core.TestBasePpt.OneTimeSetUp()
--TearDown
   at AutoMapper.Mapper.set_Configuration(IConfigurationProvider value)
   at AutoMapper.Mapper.Initialize(Action`1 config)
   at Flow.Tests.Selenium.Core.TestBasePpt.get_DatabaseManager()
   at Flow.Tests.Selenium.Core.TestBasePpt.OneTimeTearDown()]]></stack-trace>
                </failure>
                <output><![CDATA[=============== Ck5EditorEnquirySmokeTest started at: 4/8/2020 8:50:33 AM ===============
---> Ck5EditorEnquirySmokeTest Config[AppUrl]: https://flytchildweb902.flyttest.visma.com:444/
---> Ck5EditorEnquirySmokeTest Config[SeleniumBrowser]: chrome
---> Ck5EditorEnquirySmokeTest Config[SeleniumGridUrl]: http://flytapp901.flyttest.visma.com:4444/wd/hub
---> Ck5EditorEnquirySmokeTest Resolution: 1024x768
Environment variable BV_SPECFLOW_TEST_DB found:data source=10.58.171.19;initial catalog=BV_Specflow;User ID=test;Password=test;sslmode=none;
Environment variable BV_SPECFLOW_TEST_DB found:data source=10.58.171.19;initial catalog=BV_Specflow;User ID=test;Password=test;sslmode=none;
]]></output>
                <test-case id="0-1009" name="CheckCk5EditorOnEnquiry" fullname="Flow.Tests.Selenium.Tests.Smoke.Ck5EditorEnquirySmokeTest.CheckCk5EditorOnEnquiry" methodname="CheckCk5EditorOnEnquiry" classname="Flow.Tests.Selenium.Tests.Smoke.Ck5EditorEnquirySmokeTest" runstate="Runnable" seed="479884666" result="Failed" label="Error" site="Parent" start-time="0001-01-01 00:00:00Z" end-time="0001-01-01 00:00:00Z" duration="0.000000" asserts="0">
                  <properties>
                    <property name="Category" value="BasicSmoke" />
                  </properties>
                  <failure>
                    <message><![CDATA[OneTimeSetUp: System.InvalidOperationException : Mapper already initialized. You must call Initialize once per application domain/process.]]></message>
                  </failure>
                </test-case>
              </test-suite>
              <test-suite type="TestFixture" id="0-1010" name="Ck5EditorJournalSmokeTest" fullname="Flow.Tests.Selenium.Tests.Smoke.Ck5EditorJournalSmokeTest" classname="Flow.Tests.Selenium.Tests.Smoke.Ck5EditorJournalSmokeTest" runstate="Runnable" testcasecount="1" result="Failed" label="Error" site="TearDown" start-time="2020-04-08 06:50:35Z" end-time="2020-04-08 06:50:38Z" duration="3.108748" total="1" passed="0" failed="1" warnings="0" inconclusive="0" skipped="0" asserts="0">
                <properties />
                <failure>
                  <message><![CDATA[System.InvalidOperationException : Mapper already initialized. You must call Initialize once per application domain/process.
TearDown : System.InvalidOperationException : Mapper already initialized. You must call Initialize once per application domain/process.]]></message>
                  <stack-trace><![CDATA[   at AutoMapper.Mapper.set_Configuration(IConfigurationProvider value)
   at AutoMapper.Mapper.Initialize(Action`1 config)
   at Flow.Tests.Selenium.Core.TestBasePpt.get_DatabaseManager()
   at Flow.Tests.Selenium.Core.TestBasePpt.OneTimeSetUp()
--TearDown
   at AutoMapper.Mapper.set_Configuration(IConfigurationProvider value)
   at AutoMapper.Mapper.Initialize(Action`1 config)
   at Flow.Tests.Selenium.Core.TestBasePpt.get_DatabaseManager()
   at Flow.Tests.Selenium.Core.TestBasePpt.OneTimeTearDown()]]></stack-trace>
                </failure>
                <output><![CDATA[=============== Ck5EditorJournalSmokeTest started at: 4/8/2020 8:50:35 AM ===============
---> Ck5EditorJournalSmokeTest Config[AppUrl]: https://flytchildweb902.flyttest.visma.com:444/
---> Ck5EditorJournalSmokeTest Config[SeleniumBrowser]: chrome
---> Ck5EditorJournalSmokeTest Config[SeleniumGridUrl]: http://flytapp901.flyttest.visma.com:4444/wd/hub
---> Ck5EditorJournalSmokeTest Resolution: 1024x768
Environment variable BV_SPECFLOW_TEST_DB found:data source=10.58.171.19;initial catalog=BV_Specflow;User ID=test;Password=test;sslmode=none;
Environment variable BV_SPECFLOW_TEST_DB found:data source=10.58.171.19;initial catalog=BV_Specflow;User ID=test;Password=test;sslmode=none;
]]></output>
                <test-case id="0-1011" name="CheckCk5EditorOnJournal" fullname="Flow.Tests.Selenium.Tests.Smoke.Ck5EditorJournalSmokeTest.CheckCk5EditorOnJournal" methodname="CheckCk5EditorOnJournal" classname="Flow.Tests.Selenium.Tests.Smoke.Ck5EditorJournalSmokeTest" runstate="Runnable" seed="1385537127" result="Failed" label="Error" site="Parent" start-time="0001-01-01 00:00:00Z" end-time="0001-01-01 00:00:00Z" duration="0.000000" asserts="0">
                  <properties>
                    <property name="Category" value="BasicSmoke" />
                    <property name="CustomRetry" value="3" />
                  </properties>
                  <failure>
                    <message><![CDATA[OneTimeSetUp: System.InvalidOperationException : Mapper already initialized. You must call Initialize once per application domain/process.]]></message>
                  </failure>
                </test-case>
              </test-suite>
              <test-suite type="TestFixture" id="0-1012" name="CkEditorCorrespondenceSmokeTest" fullname="Flow.Tests.Selenium.Tests.Smoke.CkEditorCorrespondenceSmokeTest" classname="Flow.Tests.Selenium.Tests.Smoke.CkEditorCorrespondenceSmokeTest" runstate="Runnable" testcasecount="1" result="Failed" label="Error" site="TearDown" start-time="2020-04-08 06:50:38Z" end-time="2020-04-08 06:50:40Z" duration="2.618696" total="1" passed="0" failed="1" warnings="0" inconclusive="0" skipped="0" asserts="0">
                <properties />
                <failure>
                  <message><![CDATA[System.InvalidOperationException : Mapper already initialized. You must call Initialize once per application domain/process.
TearDown : System.InvalidOperationException : Mapper already initialized. You must call Initialize once per application domain/process.]]></message>
                  <stack-trace><![CDATA[   at AutoMapper.Mapper.set_Configuration(IConfigurationProvider value)
   at AutoMapper.Mapper.Initialize(Action`1 config)
   at Flow.Tests.Selenium.Core.TestBasePpt.get_DatabaseManager()
   at Flow.Tests.Selenium.Core.TestBasePpt.OneTimeSetUp()
--TearDown
   at AutoMapper.Mapper.set_Configuration(IConfigurationProvider value)
   at AutoMapper.Mapper.Initialize(Action`1 config)
   at Flow.Tests.Selenium.Core.TestBasePpt.get_DatabaseManager()
   at Flow.Tests.Selenium.Core.TestBasePpt.OneTimeTearDown()]]></stack-trace>
                </failure>
                <output><![CDATA[=============== CkEditorCorrespondenceSmokeTest started at: 4/8/2020 8:50:38 AM ===============
---> CkEditorCorrespondenceSmokeTest Config[AppUrl]: https://flytchildweb902.flyttest.visma.com:444/
---> CkEditorCorrespondenceSmokeTest Config[SeleniumBrowser]: chrome
---> CkEditorCorrespondenceSmokeTest Config[SeleniumGridUrl]: http://flytapp901.flyttest.visma.com:4444/wd/hub
---> CkEditorCorrespondenceSmokeTest Resolution: 1024x768
Environment variable BV_SPECFLOW_TEST_DB found:data source=10.58.171.19;initial catalog=BV_Specflow;User ID=test;Password=test;sslmode=none;
Environment variable BV_SPECFLOW_TEST_DB found:data source=10.58.171.19;initial catalog=BV_Specflow;User ID=test;Password=test;sslmode=none;
]]></output>
                <test-case id="0-1013" name="CheckCkEditorOnCorrespondence" fullname="Flow.Tests.Selenium.Tests.Smoke.CkEditorCorrespondenceSmokeTest.CheckCkEditorOnCorrespondence" methodname="CheckCkEditorOnCorrespondence" classname="Flow.Tests.Selenium.Tests.Smoke.CkEditorCorrespondenceSmokeTest" runstate="Runnable" seed="286888393" result="Failed" label="Error" site="Parent" start-time="0001-01-01 00:00:00Z" end-time="0001-01-01 00:00:00Z" duration="0.000000" asserts="0">
                  <properties>
                    <property name="Category" value="BasicSmoke" />
                    <property name="CustomRetry" value="3" />
                  </properties>
                  <failure>
                    <message><![CDATA[OneTimeSetUp: System.InvalidOperationException : Mapper already initialized. You must call Initialize once per application domain/process.]]></message>
                  </failure>
                </test-case>
              </test-suite>
              <test-suite type="TestFixture" id="0-1014" name="CkEditorEnquirySmokeTest" fullname="Flow.Tests.Selenium.Tests.Smoke.CkEditorEnquirySmokeTest" classname="Flow.Tests.Selenium.Tests.Smoke.CkEditorEnquirySmokeTest" runstate="Runnable" testcasecount="1" result="Failed" label="Error" site="TearDown" start-time="2020-04-08 06:50:40Z" end-time="2020-04-08 06:50:43Z" duration="2.569384" total="1" passed="0" failed="1" warnings="0" inconclusive="0" skipped="0" asserts="0">
                <properties />
                <failure>
                  <message><![CDATA[System.InvalidOperationException : Mapper already initialized. You must call Initialize once per application domain/process.
TearDown : System.InvalidOperationException : Mapper already initialized. You must call Initialize once per application domain/process.]]></message>
                  <stack-trace><![CDATA[   at AutoMapper.Mapper.set_Configuration(IConfigurationProvider value)
   at AutoMapper.Mapper.Initialize(Action`1 config)
   at Flow.Tests.Selenium.Core.TestBasePpt.get_DatabaseManager()
   at Flow.Tests.Selenium.Core.TestBasePpt.OneTimeSetUp()
--TearDown
   at AutoMapper.Mapper.set_Configuration(IConfigurationProvider value)
   at AutoMapper.Mapper.Initialize(Action`1 config)
   at Flow.Tests.Selenium.Core.TestBasePpt.get_DatabaseManager()
   at Flow.Tests.Selenium.Core.TestBasePpt.OneTimeTearDown()]]></stack-trace>
                </failure>
                <output><![CDATA[=============== CkEditorEnquirySmokeTest started at: 4/8/2020 8:50:41 AM ===============
---> CkEditorEnquirySmokeTest Config[AppUrl]: https://flytchildweb902.flyttest.visma.com:444/
---> CkEditorEnquirySmokeTest Config[SeleniumBrowser]: chrome
---> CkEditorEnquirySmokeTest Config[SeleniumGridUrl]: http://flytapp901.flyttest.visma.com:4444/wd/hub
---> CkEditorEnquirySmokeTest Resolution: 1024x768
Environment variable BV_SPECFLOW_TEST_DB found:data source=10.58.171.19;initial catalog=BV_Specflow;User ID=test;Password=test;sslmode=none;
Environment variable BV_SPECFLOW_TEST_DB found:data source=10.58.171.19;initial catalog=BV_Specflow;User ID=test;Password=test;sslmode=none;
]]></output>
                <test-case id="0-1015" name="CheckCkEditorOnEnquiry" fullname="Flow.Tests.Selenium.Tests.Smoke.CkEditorEnquirySmokeTest.CheckCkEditorOnEnquiry" methodname="CheckCkEditorOnEnquiry" classname="Flow.Tests.Selenium.Tests.Smoke.CkEditorEnquirySmokeTest" runstate="Runnable" seed="153609094" result="Failed" label="Error" site="Parent" start-time="0001-01-01 00:00:00Z" end-time="0001-01-01 00:00:00Z" duration="0.000000" asserts="0">
                  <properties>
                    <property name="Category" value="BasicSmoke" />
                    <property name="CustomRetry" value="3" />
                  </properties>
                  <failure>
                    <message><![CDATA[OneTimeSetUp: System.InvalidOperationException : Mapper already initialized. You must call Initialize once per application domain/process.]]></message>
                  </failure>
                </test-case>
              </test-suite>
              <test-suite type="TestFixture" id="0-1016" name="CkEditorJournalSmokeTest" fullname="Flow.Tests.Selenium.Tests.Smoke.CkEditorJournalSmokeTest" classname="Flow.Tests.Selenium.Tests.Smoke.CkEditorJournalSmokeTest" runstate="Runnable" testcasecount="1" result="Failed" label="Error" site="TearDown" start-time="2020-04-08 06:50:43Z" end-time="2020-04-08 06:50:45Z" duration="2.527722" total="1" passed="0" failed="1" warnings="0" inconclusive="0" skipped="0" asserts="0">
                <properties />
                <failure>
                  <message><![CDATA[System.InvalidOperationException : Mapper already initialized. You must call Initialize once per application domain/process.
TearDown : System.InvalidOperationException : Mapper already initialized. You must call Initialize once per application domain/process.]]></message>
                  <stack-trace><![CDATA[   at AutoMapper.Mapper.set_Configuration(IConfigurationProvider value)
   at AutoMapper.Mapper.Initialize(Action`1 config)
   at Flow.Tests.Selenium.Core.TestBasePpt.get_DatabaseManager()
   at Flow.Tests.Selenium.Core.TestBasePpt.OneTimeSetUp()
--TearDown
   at AutoMapper.Mapper.set_Configuration(IConfigurationProvider value)
   at AutoMapper.Mapper.Initialize(Action`1 config)
   at Flow.Tests.Selenium.Core.TestBasePpt.get_DatabaseManager()
   at Flow.Tests.Selenium.Core.TestBasePpt.OneTimeTearDown()]]></stack-trace>
                </failure>
                <output><![CDATA[=============== CkEditorJournalSmokeTest started at: 4/8/2020 8:50:43 AM ===============
---> CkEditorJournalSmokeTest Config[AppUrl]: https://flytchildweb902.flyttest.visma.com:444/
---> CkEditorJournalSmokeTest Config[SeleniumBrowser]: chrome
---> CkEditorJournalSmokeTest Config[SeleniumGridUrl]: http://flytapp901.flyttest.visma.com:4444/wd/hub
---> CkEditorJournalSmokeTest Resolution: 1024x768
Environment variable BV_SPECFLOW_TEST_DB found:data source=10.58.171.19;initial catalog=BV_Specflow;User ID=test;Password=test;sslmode=none;
Environment variable BV_SPECFLOW_TEST_DB found:data source=10.58.171.19;initial catalog=BV_Specflow;User ID=test;Password=test;sslmode=none;
]]></output>
                <test-case id="0-1017" name="CheckCkEditorOnJournal" fullname="Flow.Tests.Selenium.Tests.Smoke.CkEditorJournalSmokeTest.CheckCkEditorOnJournal" methodname="CheckCkEditorOnJournal" classname="Flow.Tests.Selenium.Tests.Smoke.CkEditorJournalSmokeTest" runstate="Runnable" seed="1093490819" result="Failed" label="Error" site="Parent" start-time="0001-01-01 00:00:00Z" end-time="0001-01-01 00:00:00Z" duration="0.000000" asserts="0">
                  <properties>
                    <property name="Category" value="BasicSmoke" />
                    <property name="CustomRetry" value="3" />
                  </properties>
                  <failure>
                    <message><![CDATA[OneTimeSetUp: System.InvalidOperationException : Mapper already initialized. You must call Initialize once per application domain/process.]]></message>
                  </failure>
                </test-case>
              </test-suite>
              <test-suite type="TestSuite" id="0-1110" name="CopyToSiblings" fullname="Flow.Tests.Selenium.Tests.Smoke.CopyToSiblings" runstate="Runnable" testcasecount="4" result="Failed" site="Child" start-time="2020-04-08 06:49:47Z" end-time="2020-04-08 06:50:53Z" duration="66.428851" total="4" passed="0" failed="4" warnings="0" inconclusive="0" skipped="0" asserts="0">
                <properties />
                <failure>
                  <message><![CDATA[One or more child tests had errors]]></message>
                </failure>
                <test-suite type="TestFixture" id="0-1052" name="CorrespondenceCopyToSiblingsSmokeTest" fullname="Flow.Tests.Selenium.Tests.Smoke.CopyToSiblings.CorrespondenceCopyToSiblingsSmokeTest" classname="Flow.Tests.Selenium.Tests.Smoke.CopyToSiblings.CorrespondenceCopyToSiblingsSmokeTest" runstate="Runnable" testcasecount="2" result="Failed" label="Error" site="TearDown" start-time="2020-04-08 06:50:45Z" end-time="2020-04-08 06:50:48Z" duration="2.561347" total="2" passed="0" failed="2" warnings="0" inconclusive="0" skipped="0" asserts="0">
                  <properties />
                  <failure>
                    <message><![CDATA[System.InvalidOperationException : Mapper already initialized. You must call Initialize once per application domain/process.
TearDown : System.InvalidOperationException : Mapper already initialized. You must call Initialize once per application domain/process.]]></message>
                    <stack-trace><![CDATA[   at AutoMapper.Mapper.set_Configuration(IConfigurationProvider value)
   at AutoMapper.Mapper.Initialize(Action`1 config)
   at Flow.Tests.Selenium.Core.TestBasePpt.get_DatabaseManager()
   at Flow.Tests.Selenium.Core.TestBasePpt.OneTimeSetUp()
--TearDown
   at AutoMapper.Mapper.set_Configuration(IConfigurationProvider value)
   at AutoMapper.Mapper.Initialize(Action`1 config)
   at Flow.Tests.Selenium.Core.TestBasePpt.get_DatabaseManager()
   at Flow.Tests.Selenium.Core.TestBasePpt.OneTimeTearDown()]]></stack-trace>
                  </failure>
                  <output><![CDATA[=============== CorrespondenceCopyToSiblingsSmokeTest started at: 4/8/2020 8:50:46 AM ===============
---> CorrespondenceCopyToSiblingsSmokeTest Config[AppUrl]: https://flytchildweb902.flyttest.visma.com:444/
---> CorrespondenceCopyToSiblingsSmokeTest Config[SeleniumBrowser]: chrome
---> CorrespondenceCopyToSiblingsSmokeTest Config[SeleniumGridUrl]: http://flytapp901.flyttest.visma.com:4444/wd/hub
---> CorrespondenceCopyToSiblingsSmokeTest Resolution: 1024x768
Environment variable BV_SPECFLOW_TEST_DB found:data source=10.58.171.19;initial catalog=BV_Specflow;User ID=test;Password=test;sslmode=none;
Environment variable BV_SPECFLOW_TEST_DB found:data source=10.58.171.19;initial catalog=BV_Specflow;User ID=test;Password=test;sslmode=none;
]]></output>
                  <test-case id="0-1053" name="CheckCorrespondenceCopyToSiblings" fullname="Flow.Tests.Selenium.Tests.Smoke.CopyToSiblings.CorrespondenceCopyToSiblingsSmokeTest.CheckCorrespondenceCopyToSiblings" methodname="CheckCorrespondenceCopyToSiblings" classname="Flow.Tests.Selenium.Tests.Smoke.CopyToSiblings.CorrespondenceCopyToSiblingsSmokeTest" runstate="Runnable" seed="987166992" result="Failed" label="Error" site="Parent" start-time="0001-01-01 00:00:00Z" end-time="0001-01-01 00:00:00Z" duration="0.000000" asserts="0">
                    <properties>
                      <property name="Category" value="BasicSmoke" />
                      <property name="CustomRetry" value="3" />
                    </properties>
                    <failure>
                      <message><![CDATA[OneTimeSetUp: System.InvalidOperationException : Mapper already initialized. You must call Initialize once per application domain/process.]]></message>
                    </failure>
                  </test-case>
                  <test-case id="0-1054" name="CopyToSiblingsFinishedCorrespondenceCheck" fullname="Flow.Tests.Selenium.Tests.Smoke.CopyToSiblings.CorrespondenceCopyToSiblingsSmokeTest.CopyToSiblingsFinishedCorrespondenceCheck" methodname="CopyToSiblingsFinishedCorrespondenceCheck" classname="Flow.Tests.Selenium.Tests.Smoke.CopyToSiblings.CorrespondenceCopyToSiblingsSmokeTest" runstate="Runnable" seed="368254681" result="Failed" label="Error" site="Parent" start-time="0001-01-01 00:00:00Z" end-time="0001-01-01 00:00:00Z" duration="0.000000" asserts="0">
                    <properties>
                      <property name="Category" value="BasicSmoke" />
                      <property name="CustomRetry" value="3" />
                    </properties>
                    <failure>
                      <message><![CDATA[OneTimeSetUp: System.InvalidOperationException : Mapper already initialized. You must call Initialize once per application domain/process.]]></message>
                    </failure>
                  </test-case>
                </test-suite>
                <test-suite type="TestFixture" id="0-1055" name="EnquiryCopyToSiblingsSmokeTest" fullname="Flow.Tests.Selenium.Tests.Smoke.CopyToSiblings.EnquiryCopyToSiblingsSmokeTest" classname="Flow.Tests.Selenium.Tests.Smoke.CopyToSiblings.EnquiryCopyToSiblingsSmokeTest" runstate="Runnable" testcasecount="1" result="Failed" label="Error" site="TearDown" start-time="2020-04-08 06:50:48Z" end-time="2020-04-08 06:50:51Z" duration="2.537307" total="1" passed="0" failed="1" warnings="0" inconclusive="0" skipped="0" asserts="0">
                  <properties />
                  <failure>
                    <message><![CDATA[System.InvalidOperationException : Mapper already initialized. You must call Initialize once per application domain/process.
TearDown : System.InvalidOperationException : Mapper already initialized. You must call Initialize once per application domain/process.]]></message>
                    <stack-trace><![CDATA[   at AutoMapper.Mapper.set_Configuration(IConfigurationProvider value)
   at AutoMapper.Mapper.Initialize(Action`1 config)
   at Flow.Tests.Selenium.Core.TestBasePpt.get_DatabaseManager()
   at Flow.Tests.Selenium.Core.TestBasePpt.OneTimeSetUp()
--TearDown
   at AutoMapper.Mapper.set_Configuration(IConfigurationProvider value)
   at AutoMapper.Mapper.Initialize(Action`1 config)
   at Flow.Tests.Selenium.Core.TestBasePpt.get_DatabaseManager()
   at Flow.Tests.Selenium.Core.TestBasePpt.OneTimeTearDown()]]></stack-trace>
                  </failure>
                  <output><![CDATA[=============== EnquiryCopyToSiblingsSmokeTest started at: 4/8/2020 8:50:49 AM ===============
---> EnquiryCopyToSiblingsSmokeTest Config[AppUrl]: https://flytchildweb902.flyttest.visma.com:444/
---> EnquiryCopyToSiblingsSmokeTest Config[SeleniumBrowser]: chrome
---> EnquiryCopyToSiblingsSmokeTest Config[SeleniumGridUrl]: http://flytapp901.flyttest.visma.com:4444/wd/hub
---> EnquiryCopyToSiblingsSmokeTest Resolution: 1024x768
Environment variable BV_SPECFLOW_TEST_DB found:data source=10.58.171.19;initial catalog=BV_Specflow;User ID=test;Password=test;sslmode=none;
Environment variable BV_SPECFLOW_TEST_DB found:data source=10.58.171.19;initial catalog=BV_Specflow;User ID=test;Password=test;sslmode=none;
]]></output>
                  <test-case id="0-1056" name="CheckEnquiryCopyToSiblings" fullname="Flow.Tests.Selenium.Tests.Smoke.CopyToSiblings.EnquiryCopyToSiblingsSmokeTest.CheckEnquiryCopyToSiblings" methodname="CheckEnquiryCopyToSiblings" classname="Flow.Tests.Selenium.Tests.Smoke.CopyToSiblings.EnquiryCopyToSiblingsSmokeTest" runstate="Runnable" seed="1420417652" result="Failed" label="Error" site="Parent" start-time="0001-01-01 00:00:00Z" end-time="0001-01-01 00:00:00Z" duration="0.000000" asserts="0">
                    <properties>
                      <property name="Category" value="BasicSmoke" />
                      <property name="CustomRetry" value="3" />
                    </properties>
                    <failure>
                      <message><![CDATA[OneTimeSetUp: System.InvalidOperationException : Mapper already initialized. You must call Initialize once per application domain/process.]]></message>
                    </failure>
                  </test-case>
                </test-suite>
                <test-suite type="TestFixture" id="0-1057" name="JournalCopyToSiblingsSmokeTest" fullname="Flow.Tests.Selenium.Tests.Smoke.CopyToSiblings.JournalCopyToSiblingsSmokeTest" classname="Flow.Tests.Selenium.Tests.Smoke.CopyToSiblings.JournalCopyToSiblingsSmokeTest" runstate="Runnable" testcasecount="1" result="Failed" label="Error" site="TearDown" start-time="2020-04-08 06:50:51Z" end-time="2020-04-08 06:50:53Z" duration="2.712006" total="1" passed="0" failed="1" warnings="0" inconclusive="0" skipped="0" asserts="0">
                  <properties />
                  <failure>
                    <message><![CDATA[System.InvalidOperationException : Mapper already initialized. You must call Initialize once per application domain/process.
TearDown : System.InvalidOperationException : Mapper already initialized. You must call Initialize once per application domain/process.]]></message>
                    <stack-trace><![CDATA[   at AutoMapper.Mapper.set_Configuration(IConfigurationProvider value)
   at AutoMapper.Mapper.Initialize(Action`1 config)
   at Flow.Tests.Selenium.Core.TestBasePpt.get_DatabaseManager()
   at Flow.Tests.Selenium.Core.TestBasePpt.OneTimeSetUp()
--TearDown
   at AutoMapper.Mapper.set_Configuration(IConfigurationProvider value)
   at AutoMapper.Mapper.Initialize(Action`1 config)
   at Flow.Tests.Selenium.Core.TestBasePpt.get_DatabaseManager()
   at Flow.Tests.Selenium.Core.TestBasePpt.OneTimeTearDown()]]></stack-trace>
                  </failure>
                  <output><![CDATA[=============== JournalCopyToSiblingsSmokeTest started at: 4/8/2020 8:50:51 AM ===============
---> JournalCopyToSiblingsSmokeTest Config[AppUrl]: https://flytchildweb902.flyttest.visma.com:444/
---> JournalCopyToSiblingsSmokeTest Config[SeleniumBrowser]: chrome
---> JournalCopyToSiblingsSmokeTest Config[SeleniumGridUrl]: http://flytapp901.flyttest.visma.com:4444/wd/hub
---> JournalCopyToSiblingsSmokeTest Resolution: 1024x768
Environment variable BV_SPECFLOW_TEST_DB found:data source=10.58.171.19;initial catalog=BV_Specflow;User ID=test;Password=test;sslmode=none;
Environment variable BV_SPECFLOW_TEST_DB found:data source=10.58.171.19;initial catalog=BV_Specflow;User ID=test;Password=test;sslmode=none;
]]></output>
                  <test-case id="0-1058" name="CheckJournalCopyToSiblings" fullname="Flow.Tests.Selenium.Tests.Smoke.CopyToSiblings.JournalCopyToSiblingsSmokeTest.CheckJournalCopyToSiblings" methodname="CheckJournalCopyToSiblings" classname="Flow.Tests.Selenium.Tests.Smoke.CopyToSiblings.JournalCopyToSiblingsSmokeTest" runstate="Runnable" seed="484495210" result="Failed" label="Error" site="Parent" start-time="0001-01-01 00:00:00Z" end-time="0001-01-01 00:00:00Z" duration="0.000000" asserts="0">
                    <properties>
                      <property name="Category" value="BasicSmoke" />
                      <property name="CustomRetry" value="3" />
                    </properties>
                    <failure>
                      <message><![CDATA[OneTimeSetUp: System.InvalidOperationException : Mapper already initialized. You must call Initialize once per application domain/process.]]></message>
                    </failure>
                  </test-case>
                </test-suite>
              </test-suite>
              <test-suite type="TestFixture" id="0-1018" name="EnquiryFromClientDetailsSmokeTest" fullname="Flow.Tests.Selenium.Tests.Smoke.EnquiryFromClientDetailsSmokeTest" classname="Flow.Tests.Selenium.Tests.Smoke.EnquiryFromClientDetailsSmokeTest" runstate="Runnable" testcasecount="1" result="Failed" label="Error" site="TearDown" start-time="2020-04-08 06:50:53Z" end-time="2020-04-08 06:50:56Z" duration="2.497993" total="1" passed="0" failed="1" warnings="0" inconclusive="0" skipped="0" asserts="0">
                <properties />
                <failure>
                  <message><![CDATA[System.InvalidOperationException : Mapper already initialized. You must call Initialize once per application domain/process.
TearDown : System.InvalidOperationException : Mapper already initialized. You must call Initialize once per application domain/process.]]></message>
                  <stack-trace><![CDATA[   at AutoMapper.Mapper.set_Configuration(IConfigurationProvider value)
   at AutoMapper.Mapper.Initialize(Action`1 config)
   at Flow.Tests.Selenium.Core.TestBasePpt.get_DatabaseManager()
   at Flow.Tests.Selenium.Core.TestBasePpt.OneTimeSetUp()
--TearDown
   at AutoMapper.Mapper.set_Configuration(IConfigurationProvider value)
   at AutoMapper.Mapper.Initialize(Action`1 config)
   at Flow.Tests.Selenium.Core.TestBasePpt.get_DatabaseManager()
   at Flow.Tests.Selenium.Core.TestBasePpt.OneTimeTearDown()]]></stack-trace>
                </failure>
                <output><![CDATA[=============== EnquiryFromClientDetailsSmokeTest started at: 4/8/2020 8:50:54 AM ===============
---> EnquiryFromClientDetailsSmokeTest Config[AppUrl]: https://flytchildweb902.flyttest.visma.com:444/
---> EnquiryFromClientDetailsSmokeTest Config[SeleniumBrowser]: chrome
---> EnquiryFromClientDetailsSmokeTest Config[SeleniumGridUrl]: http://flytapp901.flyttest.visma.com:4444/wd/hub
---> EnquiryFromClientDetailsSmokeTest Resolution: 1024x768
Environment variable BV_SPECFLOW_TEST_DB found:data source=10.58.171.19;initial catalog=BV_Specflow;User ID=test;Password=test;sslmode=none;
Environment variable BV_SPECFLOW_TEST_DB found:data source=10.58.171.19;initial catalog=BV_Specflow;User ID=test;Password=test;sslmode=none;
]]></output>
                <test-case id="0-1019" name="CheckEnquiryCreationFromClientDetails" fullname="Flow.Tests.Selenium.Tests.Smoke.EnquiryFromClientDetailsSmokeTest.CheckEnquiryCreationFromClientDetails" methodname="CheckEnquiryCreationFromClientDetails" classname="Flow.Tests.Selenium.Tests.Smoke.EnquiryFromClientDetailsSmokeTest" runstate="Runnable" seed="1668826704" result="Failed" label="Error" site="Parent" start-time="0001-01-01 00:00:00Z" end-time="0001-01-01 00:00:00Z" duration="0.000000" asserts="0">
                  <properties>
                    <property name="Category" value="BasicSmoke" />
                    <property name="CustomRetry" value="3" />
                  </properties>
                  <failure>
                    <message><![CDATA[OneTimeSetUp: System.InvalidOperationException : Mapper already initialized. You must call Initialize once per application domain/process.]]></message>
                  </failure>
                </test-case>
              </test-suite>
              <test-suite type="TestFixture" id="0-1020" name="EnquiryFromEventsSmokeTest" fullname="Flow.Tests.Selenium.Tests.Smoke.EnquiryFromEventsSmokeTest" classname="Flow.Tests.Selenium.Tests.Smoke.EnquiryFromEventsSmokeTest" runstate="Runnable" testcasecount="1" result="Failed" label="Error" site="TearDown" start-time="2020-04-08 06:50:56Z" end-time="2020-04-08 06:50:58Z" duration="2.559798" total="1" passed="0" failed="1" warnings="0" inconclusive="0" skipped="0" asserts="0">
                <properties />
                <failure>
                  <message><![CDATA[System.InvalidOperationException : Mapper already initialized. You must call Initialize once per application domain/process.
TearDown : System.InvalidOperationException : Mapper already initialized. You must call Initialize once per application domain/process.]]></message>
                  <stack-trace><![CDATA[   at AutoMapper.Mapper.set_Configuration(IConfigurationProvider value)
   at AutoMapper.Mapper.Initialize(Action`1 config)
   at Flow.Tests.Selenium.Core.TestBasePpt.get_DatabaseManager()
   at Flow.Tests.Selenium.Core.TestBasePpt.OneTimeSetUp()
--TearDown
   at AutoMapper.Mapper.set_Configuration(IConfigurationProvider value)
   at AutoMapper.Mapper.Initialize(Action`1 config)
   at Flow.Tests.Selenium.Core.TestBasePpt.get_DatabaseManager()
   at Flow.Tests.Selenium.Core.TestBasePpt.OneTimeTearDown()]]></stack-trace>
                </failure>
                <output><![CDATA[=============== EnquiryFromEventsSmokeTest started at: 4/8/2020 8:50:56 AM ===============
---> EnquiryFromEventsSmokeTest Config[AppUrl]: https://flytchildweb902.flyttest.visma.com:444/
---> EnquiryFromEventsSmokeTest Config[SeleniumBrowser]: chrome
---> EnquiryFromEventsSmokeTest Config[SeleniumGridUrl]: http://flytapp901.flyttest.visma.com:4444/wd/hub
---> EnquiryFromEventsSmokeTest Resolution: 1024x768
Environment variable BV_SPECFLOW_TEST_DB found:data source=10.58.171.19;initial catalog=BV_Specflow;User ID=test;Password=test;sslmode=none;
Environment variable BV_SPECFLOW_TEST_DB found:data source=10.58.171.19;initial catalog=BV_Specflow;User ID=test;Password=test;sslmode=none;
]]></output>
                <test-case id="0-1021" name="CheckEnquiryCreationFromEvents" fullname="Flow.Tests.Selenium.Tests.Smoke.EnquiryFromEventsSmokeTest.CheckEnquiryCreationFromEvents" methodname="CheckEnquiryCreationFromEvents" classname="Flow.Tests.Selenium.Tests.Smoke.EnquiryFromEventsSmokeTest" runstate="Runnable" seed="930431386" result="Failed" label="Error" site="Parent" start-time="0001-01-01 00:00:00Z" end-time="0001-01-01 00:00:00Z" duration="0.000000" asserts="0">
                  <properties>
                    <property name="Category" value="BasicSmoke" />
                    <property name="CustomRetry" value="3" />
                  </properties>
                  <failure>
                    <message><![CDATA[OneTimeSetUp: System.InvalidOperationException : Mapper already initialized. You must call Initialize once per application domain/process.]]></message>
                  </failure>
                </test-case>
              </test-suite>
              <test-suite type="TestSuite" id="0-1109" name="FollowUp" fullname="Flow.Tests.Selenium.Tests.Smoke.FollowUp" runstate="Runnable" testcasecount="10" result="Failed" site="Child" start-time="2020-04-08 06:49:47Z" end-time="2020-04-08 06:51:25Z" duration="98.533947" total="10" passed="0" failed="10" warnings="0" inconclusive="0" skipped="0" asserts="0">
                <properties />
                <failure>
                  <message><![CDATA[One or more child tests had errors]]></message>
                </failure>
                <test-suite type="TestFixture" id="0-1032" name="BVVFollowUpFromCalendarSmokeTest" fullname="Flow.Tests.Selenium.Tests.Smoke.FollowUp.BVVFollowUpFromCalendarSmokeTest" classname="Flow.Tests.Selenium.Tests.Smoke.FollowUp.BVVFollowUpFromCalendarSmokeTest" runstate="Runnable" testcasecount="1" result="Failed" label="Error" site="TearDown" start-time="2020-04-08 06:50:58Z" end-time="2020-04-08 06:51:01Z" duration="2.699236" total="1" passed="0" failed="1" warnings="0" inconclusive="0" skipped="0" asserts="0">
                  <properties />
                  <failure>
                    <message><![CDATA[System.InvalidOperationException : Mapper already initialized. You must call Initialize once per application domain/process.
TearDown : System.InvalidOperationException : Mapper already initialized. You must call Initialize once per application domain/process.]]></message>
                    <stack-trace><![CDATA[   at AutoMapper.Mapper.set_Configuration(IConfigurationProvider value)
   at AutoMapper.Mapper.Initialize(Action`1 config)
   at Flow.Tests.Selenium.Core.TestBasePpt.get_DatabaseManager()
   at Flow.Tests.Selenium.Core.TestBasePpt.OneTimeSetUp()
--TearDown
   at AutoMapper.Mapper.set_Configuration(IConfigurationProvider value)
   at AutoMapper.Mapper.Initialize(Action`1 config)
   at Flow.Tests.Selenium.Core.TestBasePpt.get_DatabaseManager()
   at Flow.Tests.Selenium.Core.TestBasePpt.OneTimeTearDown()]]></stack-trace>
                  </failure>
                  <output><![CDATA[=============== BVVFollowUpFromCalendarSmokeTest started at: 4/8/2020 8:50:59 AM ===============
---> BVVFollowUpFromCalendarSmokeTest Config[AppUrl]: https://flytchildweb902.flyttest.visma.com:444/
---> BVVFollowUpFromCalendarSmokeTest Config[SeleniumBrowser]: chrome
---> BVVFollowUpFromCalendarSmokeTest Config[SeleniumGridUrl]: http://flytapp901.flyttest.visma.com:4444/wd/hub
---> BVVFollowUpFromCalendarSmokeTest Resolution: 1024x768
Environment variable BV_SPECFLOW_TEST_DB found:data source=10.58.171.19;initial catalog=BV_Specflow;User ID=test;Password=test;sslmode=none;
Environment variable BV_SPECFLOW_TEST_DB found:data source=10.58.171.19;initial catalog=BV_Specflow;User ID=test;Password=test;sslmode=none;
]]></output>
                  <test-case id="0-1033" name="BVV_CheckFollowUpCreateElementsOnCalendarPage" fullname="Flow.Tests.Selenium.Tests.Smoke.FollowUp.BVVFollowUpFromCalendarSmokeTest.BVV_CheckFollowUpCreateElementsOnCalendarPage" methodname="BVV_CheckFollowUpCreateElementsOnCalendarPage" classname="Flow.Tests.Selenium.Tests.Smoke.FollowUp.BVVFollowUpFromCalendarSmokeTest" runstate="Runnable" seed="3942901" result="Failed" label="Error" site="Parent" start-time="0001-01-01 00:00:00Z" end-time="0001-01-01 00:00:00Z" duration="0.000000" asserts="0">
                    <properties>
                      <property name="Category" value="BasicSmoke" />
                      <property name="CustomRetry" value="3" />
                    </properties>
                    <failure>
                      <message><![CDATA[OneTimeSetUp: System.InvalidOperationException : Mapper already initialized. You must call Initialize once per application domain/process.]]></message>
                    </failure>
                  </test-case>
                </test-suite>
                <test-suite type="TestFixture" id="0-1034" name="BVVFollowUpFromCaseSmokeTest" fullname="Flow.Tests.Selenium.Tests.Smoke.FollowUp.BVVFollowUpFromCaseSmokeTest" classname="Flow.Tests.Selenium.Tests.Smoke.FollowUp.BVVFollowUpFromCaseSmokeTest" runstate="Runnable" testcasecount="1" result="Failed" label="Error" site="TearDown" start-time="2020-04-08 06:51:01Z" end-time="2020-04-08 06:51:04Z" duration="2.644941" total="1" passed="0" failed="1" warnings="0" inconclusive="0" skipped="0" asserts="0">
                  <properties />
                  <failure>
                    <message><![CDATA[System.InvalidOperationException : Mapper already initialized. You must call Initialize once per application domain/process.
TearDown : System.InvalidOperationException : Mapper already initialized. You must call Initialize once per application domain/process.]]></message>
                    <stack-trace><![CDATA[   at AutoMapper.Mapper.set_Configuration(IConfigurationProvider value)
   at AutoMapper.Mapper.Initialize(Action`1 config)
   at Flow.Tests.Selenium.Core.TestBasePpt.get_DatabaseManager()
   at Flow.Tests.Selenium.Core.TestBasePpt.OneTimeSetUp()
--TearDown
   at AutoMapper.Mapper.set_Configuration(IConfigurationProvider value)
   at AutoMapper.Mapper.Initialize(Action`1 config)
   at Flow.Tests.Selenium.Core.TestBasePpt.get_DatabaseManager()
   at Flow.Tests.Selenium.Core.TestBasePpt.OneTimeTearDown()]]></stack-trace>
                  </failure>
                  <output><![CDATA[=============== BVVFollowUpFromCaseSmokeTest started at: 4/8/2020 8:51:02 AM ===============
---> BVVFollowUpFromCaseSmokeTest Config[AppUrl]: https://flytchildweb902.flyttest.visma.com:444/
---> BVVFollowUpFromCaseSmokeTest Config[SeleniumBrowser]: chrome
---> BVVFollowUpFromCaseSmokeTest Config[SeleniumGridUrl]: http://flytapp901.flyttest.visma.com:4444/wd/hub
---> BVVFollowUpFromCaseSmokeTest Resolution: 1024x768
Environment variable BV_SPECFLOW_TEST_DB found:data source=10.58.171.19;initial catalog=BV_Specflow;User ID=test;Password=test;sslmode=none;
Environment variable BV_SPECFLOW_TEST_DB found:data source=10.58.171.19;initial catalog=BV_Specflow;User ID=test;Password=test;sslmode=none;
]]></output>
                  <test-case id="0-1035" name="BVV_CheckFollowUpCreateElementsOnCaseEventsPage" fullname="Flow.Tests.Selenium.Tests.Smoke.FollowUp.BVVFollowUpFromCaseSmokeTest.BVV_CheckFollowUpCreateElementsOnCaseEventsPage" methodname="BVV_CheckFollowUpCreateElementsOnCaseEventsPage" classname="Flow.Tests.Selenium.Tests.Smoke.FollowUp.BVVFollowUpFromCaseSmokeTest" runstate="Runnable" seed="1746601034" result="Failed" label="Error" site="Parent" start-time="0001-01-01 00:00:00Z" end-time="0001-01-01 00:00:00Z" duration="0.000000" asserts="0">
                    <properties>
                      <property name="Category" value="BasicSmoke" />
                      <property name="CustomRetry" value="3" />
                    </properties>
                    <failure>
                      <message><![CDATA[OneTimeSetUp: System.InvalidOperationException : Mapper already initialized. You must call Initialize once per application domain/process.]]></message>
                    </failure>
                  </test-case>
                </test-suite>
                <test-suite type="TestFixture" id="0-1036" name="BVVFollowUpFromEventSmokeTest" fullname="Flow.Tests.Selenium.Tests.Smoke.FollowUp.BVVFollowUpFromEventSmokeTest" classname="Flow.Tests.Selenium.Tests.Smoke.FollowUp.BVVFollowUpFromEventSmokeTest" runstate="Runnable" testcasecount="1" result="Failed" label="Error" site="TearDown" start-time="2020-04-08 06:51:04Z" end-time="2020-04-08 06:51:06Z" duration="2.651971" total="1" passed="0" failed="1" warnings="0" inconclusive="0" skipped="0" asserts="0">
                  <properties />
                  <failure>
                    <message><![CDATA[System.InvalidOperationException : Mapper already initialized. You must call Initialize once per application domain/process.
TearDown : System.InvalidOperationException : Mapper already initialized. You must call Initialize once per application domain/process.]]></message>
                    <stack-trace><![CDATA[   at AutoMapper.Mapper.set_Configuration(IConfigurationProvider value)
   at AutoMapper.Mapper.Initialize(Action`1 config)
   at Flow.Tests.Selenium.Core.TestBasePpt.get_DatabaseManager()
   at Flow.Tests.Selenium.Core.TestBasePpt.OneTimeSetUp()
--TearDown
   at AutoMapper.Mapper.set_Configuration(IConfigurationProvider value)
   at AutoMapper.Mapper.Initialize(Action`1 config)
   at Flow.Tests.Selenium.Core.TestBasePpt.get_DatabaseManager()
   at Flow.Tests.Selenium.Core.TestBasePpt.OneTimeTearDown()]]></stack-trace>
                  </failure>
                  <output><![CDATA[=============== BVVFollowUpFromEventSmokeTest started at: 4/8/2020 8:51:04 AM ===============
---> BVVFollowUpFromEventSmokeTest Config[AppUrl]: https://flytchildweb902.flyttest.visma.com:444/
---> BVVFollowUpFromEventSmokeTest Config[SeleniumBrowser]: chrome
---> BVVFollowUpFromEventSmokeTest Config[SeleniumGridUrl]: http://flytapp901.flyttest.visma.com:4444/wd/hub
---> BVVFollowUpFromEventSmokeTest Resolution: 1024x768
Environment variable BV_SPECFLOW_TEST_DB found:data source=10.58.171.19;initial catalog=BV_Specflow;User ID=test;Password=test;sslmode=none;
Environment variable BV_SPECFLOW_TEST_DB found:data source=10.58.171.19;initial catalog=BV_Specflow;User ID=test;Password=test;sslmode=none;
]]></output>
                  <test-case id="0-1037" name="BVV_CheckFollowUpCreateElementsOnEventPage" fullname="Flow.Tests.Selenium.Tests.Smoke.FollowUp.BVVFollowUpFromEventSmokeTest.BVV_CheckFollowUpCreateElementsOnEventPage" methodname="BVV_CheckFollowUpCreateElementsOnEventPage" classname="Flow.Tests.Selenium.Tests.Smoke.FollowUp.BVVFollowUpFromEventSmokeTest" runstate="Runnable" seed="1723056258" result="Failed" label="Error" site="Parent" start-time="0001-01-01 00:00:00Z" end-time="0001-01-01 00:00:00Z" duration="0.000000" asserts="0">
                    <properties>
                      <property name="Category" value="BasicSmoke" />
                      <property name="CustomRetry" value="3" />
                    </properties>
                    <failure>
                      <message><![CDATA[OneTimeSetUp: System.InvalidOperationException : Mapper already initialized. You must call Initialize once per application domain/process.]]></message>
                    </failure>
                  </test-case>
                </test-suite>
                <test-suite type="TestFixture" id="0-1038" name="BVVFollowUpFromHomeSmokeTest" fullname="Flow.Tests.Selenium.Tests.Smoke.FollowUp.BVVFollowUpFromHomeSmokeTest" classname="Flow.Tests.Selenium.Tests.Smoke.FollowUp.BVVFollowUpFromHomeSmokeTest" runstate="Runnable" testcasecount="1" result="Failed" label="Error" site="TearDown" start-time="2020-04-08 06:51:06Z" end-time="2020-04-08 06:51:09Z" duration="2.750583" total="1" passed="0" failed="1" warnings="0" inconclusive="0" skipped="0" asserts="0">
                  <properties />
                  <failure>
                    <message><![CDATA[System.InvalidOperationException : Mapper already initialized. You must call Initialize once per application domain/process.
TearDown : System.InvalidOperationException : Mapper already initialized. You must call Initialize once per application domain/process.]]></message>
                    <stack-trace><![CDATA[   at AutoMapper.Mapper.set_Configuration(IConfigurationProvider value)
   at AutoMapper.Mapper.Initialize(Action`1 config)
   at Flow.Tests.Selenium.Core.TestBasePpt.get_DatabaseManager()
   at Flow.Tests.Selenium.Core.TestBasePpt.OneTimeSetUp()
--TearDown
   at AutoMapper.Mapper.set_Configuration(IConfigurationProvider value)
   at AutoMapper.Mapper.Initialize(Action`1 config)
   at Flow.Tests.Selenium.Core.TestBasePpt.get_DatabaseManager()
   at Flow.Tests.Selenium.Core.TestBasePpt.OneTimeTearDown()]]></stack-trace>
                  </failure>
                  <output><![CDATA[=============== BVVFollowUpFromHomeSmokeTest started at: 4/8/2020 8:51:07 AM ===============
---> BVVFollowUpFromHomeSmokeTest Config[AppUrl]: https://flytchildweb902.flyttest.visma.com:444/
---> BVVFollowUpFromHomeSmokeTest Config[SeleniumBrowser]: chrome
---> BVVFollowUpFromHomeSmokeTest Config[SeleniumGridUrl]: http://flytapp901.flyttest.visma.com:4444/wd/hub
---> BVVFollowUpFromHomeSmokeTest Resolution: 1024x768
Environment variable BV_SPECFLOW_TEST_DB found:data source=10.58.171.19;initial catalog=BV_Specflow;User ID=test;Password=test;sslmode=none;
Environment variable BV_SPECFLOW_TEST_DB found:data source=10.58.171.19;initial catalog=BV_Specflow;User ID=test;Password=test;sslmode=none;
]]></output>
                  <test-case id="0-1039" name="BVV_CheckFollowUpCreateElementsOnHomePage" fullname="Flow.Tests.Selenium.Tests.Smoke.FollowUp.BVVFollowUpFromHomeSmokeTest.BVV_CheckFollowUpCreateElementsOnHomePage" methodname="BVV_CheckFollowUpCreateElementsOnHomePage" classname="Flow.Tests.Selenium.Tests.Smoke.FollowUp.BVVFollowUpFromHomeSmokeTest" runstate="Runnable" seed="1839201579" result="Failed" label="Error" site="Parent" start-time="0001-01-01 00:00:00Z" end-time="0001-01-01 00:00:00Z" duration="0.000000" asserts="0">
                    <properties>
                      <property name="Category" value="BasicSmoke" />
                      <property name="CustomRetry" value="3" />
                    </properties>
                    <failure>
                      <message><![CDATA[OneTimeSetUp: System.InvalidOperationException : Mapper already initialized. You must call Initialize once per application domain/process.]]></message>
                    </failure>
                  </test-case>
                </test-suite>
                <test-suite type="TestFixture" id="0-1040" name="PPTFollowUpFromCaseSmokeTest" fullname="Flow.Tests.Selenium.Tests.Smoke.FollowUp.PPTFollowUpFromCaseSmokeTest" classname="Flow.Tests.Selenium.Tests.Smoke.FollowUp.PPTFollowUpFromCaseSmokeTest" runstate="Runnable" testcasecount="1" result="Failed" label="Error" site="TearDown" start-time="2020-04-08 06:51:09Z" end-time="2020-04-08 06:51:12Z" duration="2.596828" total="1" passed="0" failed="1" warnings="0" inconclusive="0" skipped="0" asserts="0">
                  <properties />
                  <failure>
                    <message><![CDATA[System.InvalidOperationException : Mapper already initialized. You must call Initialize once per application domain/process.
TearDown : System.InvalidOperationException : Mapper already initialized. You must call Initialize once per application domain/process.]]></message>
                    <stack-trace><![CDATA[   at AutoMapper.Mapper.set_Configuration(IConfigurationProvider value)
   at AutoMapper.Mapper.Initialize(Action`1 config)
   at Flow.Tests.Selenium.Core.TestBasePpt.get_DatabaseManager()
   at Flow.Tests.Selenium.Core.TestBasePpt.OneTimeSetUp()
--TearDown
   at AutoMapper.Mapper.set_Configuration(IConfigurationProvider value)
   at AutoMapper.Mapper.Initialize(Action`1 config)
   at Flow.Tests.Selenium.Core.TestBasePpt.get_DatabaseManager()
   at Flow.Tests.Selenium.Core.TestBasePpt.OneTimeTearDown()]]></stack-trace>
                  </failure>
                  <output><![CDATA[=============== PPTFollowUpFromCaseSmokeTest started at: 4/8/2020 8:51:10 AM ===============
---> PPTFollowUpFromCaseSmokeTest Config[AppUrl]: https://flytchildweb902.flyttest.visma.com:444/
---> PPTFollowUpFromCaseSmokeTest Config[SeleniumBrowser]: chrome
---> PPTFollowUpFromCaseSmokeTest Config[SeleniumGridUrl]: http://flytapp901.flyttest.visma.com:4444/wd/hub
---> PPTFollowUpFromCaseSmokeTest Resolution: 1024x768
Environment variable BV_SPECFLOW_TEST_DB found:data source=10.58.171.19;initial catalog=BV_Specflow;User ID=test;Password=test;sslmode=none;
Environment variable BV_SPECFLOW_TEST_DB found:data source=10.58.171.19;initial catalog=BV_Specflow;User ID=test;Password=test;sslmode=none;
]]></output>
                  <test-case id="0-1041" name="PPT_CheckFollowUpCreateElementsOnCaseEventsPage" fullname="Flow.Tests.Selenium.Tests.Smoke.FollowUp.PPTFollowUpFromCaseSmokeTest.PPT_CheckFollowUpCreateElementsOnCaseEventsPage" methodname="PPT_CheckFollowUpCreateElementsOnCaseEventsPage" classname="Flow.Tests.Selenium.Tests.Smoke.FollowUp.PPTFollowUpFromCaseSmokeTest" runstate="Runnable" seed="1905703113" result="Failed" label="Error" site="Parent" start-time="0001-01-01 00:00:00Z" end-time="0001-01-01 00:00:00Z" duration="0.000000" asserts="0">
                    <properties>
                      <property name="Category" value="BasicSmoke" />
                      <property name="CustomRetry" value="3" />
                    </properties>
                    <failure>
                      <message><![CDATA[OneTimeSetUp: System.InvalidOperationException : Mapper already initialized. You must call Initialize once per application domain/process.]]></message>
                    </failure>
                  </test-case>
                </test-suite>
                <test-suite type="TestFixture" id="0-1042" name="PPTFollowUpFromEventSmokeTest" fullname="Flow.Tests.Selenium.Tests.Smoke.FollowUp.PPTFollowUpFromEventSmokeTest" classname="Flow.Tests.Selenium.Tests.Smoke.FollowUp.PPTFollowUpFromEventSmokeTest" runstate="Runnable" testcasecount="1" result="Failed" label="Error" site="TearDown" start-time="2020-04-08 06:51:12Z" end-time="2020-04-08 06:51:14Z" duration="2.652361" total="1" passed="0" failed="1" warnings="0" inconclusive="0" skipped="0" asserts="0">
                  <properties />
                  <failure>
                    <message><![CDATA[System.InvalidOperationException : Mapper already initialized. You must call Initialize once per application domain/process.
TearDown : System.InvalidOperationException : Mapper already initialized. You must call Initialize once per application domain/process.]]></message>
                    <stack-trace><![CDATA[   at AutoMapper.Mapper.set_Configuration(IConfigurationProvider value)
   at AutoMapper.Mapper.Initialize(Action`1 config)
   at Flow.Tests.Selenium.Core.TestBasePpt.get_DatabaseManager()
   at Flow.Tests.Selenium.Core.TestBasePpt.OneTimeSetUp()
--TearDown
   at AutoMapper.Mapper.set_Configuration(IConfigurationProvider value)
   at AutoMapper.Mapper.Initialize(Action`1 config)
   at Flow.Tests.Selenium.Core.TestBasePpt.get_DatabaseManager()
   at Flow.Tests.Selenium.Core.TestBasePpt.OneTimeTearDown()]]></stack-trace>
                  </failure>
                  <output><![CDATA[=============== PPTFollowUpFromEventSmokeTest started at: 4/8/2020 8:51:12 AM ===============
---> PPTFollowUpFromEventSmokeTest Config[AppUrl]: https://flytchildweb902.flyttest.visma.com:444/
---> PPTFollowUpFromEventSmokeTest Config[SeleniumBrowser]: chrome
---> PPTFollowUpFromEventSmokeTest Config[SeleniumGridUrl]: http://flytapp901.flyttest.visma.com:4444/wd/hub
---> PPTFollowUpFromEventSmokeTest Resolution: 1024x768
Environment variable BV_SPECFLOW_TEST_DB found:data source=10.58.171.19;initial catalog=BV_Specflow;User ID=test;Password=test;sslmode=none;
Environment variable BV_SPECFLOW_TEST_DB found:data source=10.58.171.19;initial catalog=BV_Specflow;User ID=test;Password=test;sslmode=none;
]]></output>
                  <test-case id="0-1043" name="PPT_CheckFollowUpCreateElementsOnEventPage" fullname="Flow.Tests.Selenium.Tests.Smoke.FollowUp.PPTFollowUpFromEventSmokeTest.PPT_CheckFollowUpCreateElementsOnEventPage" methodname="PPT_CheckFollowUpCreateElementsOnEventPage" classname="Flow.Tests.Selenium.Tests.Smoke.FollowUp.PPTFollowUpFromEventSmokeTest" runstate="Runnable" seed="647539682" result="Failed" label="Error" site="Parent" start-time="0001-01-01 00:00:00Z" end-time="0001-01-01 00:00:00Z" duration="0.000000" asserts="0">
                    <properties>
                      <property name="Category" value="BasicSmoke" />
                      <property name="CustomRetry" value="3" />
                    </properties>
                    <failure>
                      <message><![CDATA[OneTimeSetUp: System.InvalidOperationException : Mapper already initialized. You must call Initialize once per application domain/process.]]></message>
                    </failure>
                  </test-case>
                </test-suite>
                <test-suite type="TestFixture" id="0-1044" name="SCCFollowUpFromCalendarSmokeTest" fullname="Flow.Tests.Selenium.Tests.Smoke.FollowUp.SCCFollowUpFromCalendarSmokeTest" classname="Flow.Tests.Selenium.Tests.Smoke.FollowUp.SCCFollowUpFromCalendarSmokeTest" runstate="Runnable" testcasecount="1" result="Failed" label="Error" site="TearDown" start-time="2020-04-08 06:51:14Z" end-time="2020-04-08 06:51:17Z" duration="2.770812" total="1" passed="0" failed="1" warnings="0" inconclusive="0" skipped="0" asserts="0">
                  <properties />
                  <failure>
                    <message><![CDATA[System.InvalidOperationException : Mapper already initialized. You must call Initialize once per application domain/process.
TearDown : System.InvalidOperationException : Mapper already initialized. You must call Initialize once per application domain/process.]]></message>
                    <stack-trace><![CDATA[   at AutoMapper.Mapper.set_Configuration(IConfigurationProvider value)
   at AutoMapper.Mapper.Initialize(Action`1 config)
   at Flow.Tests.Selenium.Core.TestBasePpt.get_DatabaseManager()
   at Flow.Tests.Selenium.Core.TestBasePpt.OneTimeSetUp()
--TearDown
   at AutoMapper.Mapper.set_Configuration(IConfigurationProvider value)
   at AutoMapper.Mapper.Initialize(Action`1 config)
   at Flow.Tests.Selenium.Core.TestBasePpt.get_DatabaseManager()
   at Flow.Tests.Selenium.Core.TestBasePpt.OneTimeTearDown()]]></stack-trace>
                  </failure>
                  <output><![CDATA[=============== SCCFollowUpFromCalendarSmokeTest started at: 4/8/2020 8:51:15 AM ===============
---> SCCFollowUpFromCalendarSmokeTest Config[AppUrl]: https://flytchildweb902.flyttest.visma.com:444/
---> SCCFollowUpFromCalendarSmokeTest Config[SeleniumBrowser]: chrome
---> SCCFollowUpFromCalendarSmokeTest Config[SeleniumGridUrl]: http://flytapp901.flyttest.visma.com:4444/wd/hub
---> SCCFollowUpFromCalendarSmokeTest Resolution: 1024x768
Environment variable BV_SPECFLOW_TEST_DB found:data source=10.58.171.19;initial catalog=BV_Specflow;User ID=test;Password=test;sslmode=none;
Environment variable BV_SPECFLOW_TEST_DB found:data source=10.58.171.19;initial catalog=BV_Specflow;User ID=test;Password=test;sslmode=none;
]]></output>
                  <test-case id="0-1045" name="SCC_CheckFollowUpCreateElementsOnCalendarPage" fullname="Flow.Tests.Selenium.Tests.Smoke.FollowUp.SCCFollowUpFromCalendarSmokeTest.SCC_CheckFollowUpCreateElementsOnCalendarPage" methodname="SCC_CheckFollowUpCreateElementsOnCalendarPage" classname="Flow.Tests.Selenium.Tests.Smoke.FollowUp.SCCFollowUpFromCalendarSmokeTest" runstate="Runnable" seed="1876293037" result="Failed" label="Error" site="Parent" start-time="0001-01-01 00:00:00Z" end-time="0001-01-01 00:00:00Z" duration="0.000000" asserts="0">
                    <properties>
                      <property name="Category" value="BasicSmoke" />
                      <property name="CustomRetry" value="3" />
                    </properties>
                    <failure>
                      <message><![CDATA[OneTimeSetUp: System.InvalidOperationException : Mapper already initialized. You must call Initialize once per application domain/process.]]></message>
                    </failure>
                  </test-case>
                </test-suite>
                <test-suite type="TestFixture" id="0-1046" name="SCCFollowUpFromCaseSmokeTest" fullname="Flow.Tests.Selenium.Tests.Smoke.FollowUp.SCCFollowUpFromCaseSmokeTest" classname="Flow.Tests.Selenium.Tests.Smoke.FollowUp.SCCFollowUpFromCaseSmokeTest" runstate="Runnable" testcasecount="1" result="Failed" label="Error" site="TearDown" start-time="2020-04-08 06:51:17Z" end-time="2020-04-08 06:51:20Z" duration="2.665273" total="1" passed="0" failed="1" warnings="0" inconclusive="0" skipped="0" asserts="0">
                  <properties />
                  <failure>
                    <message><![CDATA[System.InvalidOperationException : Mapper already initialized. You must call Initialize once per application domain/process.
TearDown : System.InvalidOperationException : Mapper already initialized. You must call Initialize once per application domain/process.]]></message>
                    <stack-trace><![CDATA[   at AutoMapper.Mapper.set_Configuration(IConfigurationProvider value)
   at AutoMapper.Mapper.Initialize(Action`1 config)
   at Flow.Tests.Selenium.Core.TestBasePpt.get_DatabaseManager()
   at Flow.Tests.Selenium.Core.TestBasePpt.OneTimeSetUp()
--TearDown
   at AutoMapper.Mapper.set_Configuration(IConfigurationProvider value)
   at AutoMapper.Mapper.Initialize(Action`1 config)
   at Flow.Tests.Selenium.Core.TestBasePpt.get_DatabaseManager()
   at Flow.Tests.Selenium.Core.TestBasePpt.OneTimeTearDown()]]></stack-trace>
                  </failure>
                  <output><![CDATA[=============== SCCFollowUpFromCaseSmokeTest started at: 4/8/2020 8:51:18 AM ===============
---> SCCFollowUpFromCaseSmokeTest Config[AppUrl]: https://flytchildweb902.flyttest.visma.com:444/
---> SCCFollowUpFromCaseSmokeTest Config[SeleniumBrowser]: chrome
---> SCCFollowUpFromCaseSmokeTest Config[SeleniumGridUrl]: http://flytapp901.flyttest.visma.com:4444/wd/hub
---> SCCFollowUpFromCaseSmokeTest Resolution: 1024x768
Environment variable BV_SPECFLOW_TEST_DB found:data source=10.58.171.19;initial catalog=BV_Specflow;User ID=test;Password=test;sslmode=none;
Environment variable BV_SPECFLOW_TEST_DB found:data source=10.58.171.19;initial catalog=BV_Specflow;User ID=test;Password=test;sslmode=none;
]]></output>
                  <test-case id="0-1047" name="SCC_CheckFollowUpCreateElementsOnCaseEventsPage" fullname="Flow.Tests.Selenium.Tests.Smoke.FollowUp.SCCFollowUpFromCaseSmokeTest.SCC_CheckFollowUpCreateElementsOnCaseEventsPage" methodname="SCC_CheckFollowUpCreateElementsOnCaseEventsPage" classname="Flow.Tests.Selenium.Tests.Smoke.FollowUp.SCCFollowUpFromCaseSmokeTest" runstate="Runnable" seed="1799198387" result="Failed" label="Error" site="Parent" start-time="0001-01-01 00:00:00Z" end-time="0001-01-01 00:00:00Z" duration="0.000000" asserts="0">
                    <properties>
                      <property name="Category" value="BasicSmoke" />
                      <property name="CustomRetry" value="3" />
                    </properties>
                    <failure>
                      <message><![CDATA[OneTimeSetUp: System.InvalidOperationException : Mapper already initialized. You must call Initialize once per application domain/process.]]></message>
                    </failure>
                  </test-case>
                </test-suite>
                <test-suite type="TestFixture" id="0-1048" name="SCCFollowUpFromEventSmokeTest" fullname="Flow.Tests.Selenium.Tests.Smoke.FollowUp.SCCFollowUpFromEventSmokeTest" classname="Flow.Tests.Selenium.Tests.Smoke.FollowUp.SCCFollowUpFromEventSmokeTest" runstate="Runnable" testcasecount="1" result="Failed" label="Error" site="TearDown" start-time="2020-04-08 06:51:20Z" end-time="2020-04-08 06:51:22Z" duration="2.725238" total="1" passed="0" failed="1" warnings="0" inconclusive="0" skipped="0" asserts="0">
                  <properties />
                  <failure>
                    <message><![CDATA[System.InvalidOperationException : Mapper already initialized. You must call Initialize once per application domain/process.
TearDown : System.InvalidOperationException : Mapper already initialized. You must call Initialize once per application domain/process.]]></message>
                    <stack-trace><![CDATA[   at AutoMapper.Mapper.set_Configuration(IConfigurationProvider value)
   at AutoMapper.Mapper.Initialize(Action`1 config)
   at Flow.Tests.Selenium.Core.TestBasePpt.get_DatabaseManager()
   at Flow.Tests.Selenium.Core.TestBasePpt.OneTimeSetUp()
--TearDown
   at AutoMapper.Mapper.set_Configuration(IConfigurationProvider value)
   at AutoMapper.Mapper.Initialize(Action`1 config)
   at Flow.Tests.Selenium.Core.TestBasePpt.get_DatabaseManager()
   at Flow.Tests.Selenium.Core.TestBasePpt.OneTimeTearDown()]]></stack-trace>
                  </failure>
                  <output><![CDATA[=============== SCCFollowUpFromEventSmokeTest started at: 4/8/2020 8:51:20 AM ===============
---> SCCFollowUpFromEventSmokeTest Config[AppUrl]: https://flytchildweb902.flyttest.visma.com:444/
---> SCCFollowUpFromEventSmokeTest Config[SeleniumBrowser]: chrome
---> SCCFollowUpFromEventSmokeTest Config[SeleniumGridUrl]: http://flytapp901.flyttest.visma.com:4444/wd/hub
---> SCCFollowUpFromEventSmokeTest Resolution: 1024x768
Environment variable BV_SPECFLOW_TEST_DB found:data source=10.58.171.19;initial catalog=BV_Specflow;User ID=test;Password=test;sslmode=none;
Environment variable BV_SPECFLOW_TEST_DB found:data source=10.58.171.19;initial catalog=BV_Specflow;User ID=test;Password=test;sslmode=none;
]]></output>
                  <test-case id="0-1049" name="SCC_CheckFollowUpCreateElementsOnEventPage" fullname="Flow.Tests.Selenium.Tests.Smoke.FollowUp.SCCFollowUpFromEventSmokeTest.SCC_CheckFollowUpCreateElementsOnEventPage" methodname="SCC_CheckFollowUpCreateElementsOnEventPage" classname="Flow.Tests.Selenium.Tests.Smoke.FollowUp.SCCFollowUpFromEventSmokeTest" runstate="Runnable" seed="2065322198" result="Failed" label="Error" site="Parent" start-time="0001-01-01 00:00:00Z" end-time="0001-01-01 00:00:00Z" duration="0.000000" asserts="0">
                    <properties>
                      <property name="Category" value="BasicSmoke" />
                      <property name="CustomRetry" value="3" />
                    </properties>
                    <failure>
                      <message><![CDATA[OneTimeSetUp: System.InvalidOperationException : Mapper already initialized. You must call Initialize once per application domain/process.]]></message>
                    </failure>
                  </test-case>
                </test-suite>
                <test-suite type="TestFixture" id="0-1050" name="SCCFollowUpFromHomeSmokeTest" fullname="Flow.Tests.Selenium.Tests.Smoke.FollowUp.SCCFollowUpFromHomeSmokeTest" classname="Flow.Tests.Selenium.Tests.Smoke.FollowUp.SCCFollowUpFromHomeSmokeTest" runstate="Runnable" testcasecount="1" result="Failed" label="Error" site="TearDown" start-time="2020-04-08 06:51:22Z" end-time="2020-04-08 06:51:25Z" duration="2.889478" total="1" passed="0" failed="1" warnings="0" inconclusive="0" skipped="0" asserts="0">
                  <properties />
                  <failure>
                    <message><![CDATA[System.InvalidOperationException : Mapper already initialized. You must call Initialize once per application domain/process.
TearDown : System.InvalidOperationException : Mapper already initialized. You must call Initialize once per application domain/process.]]></message>
                    <stack-trace><![CDATA[   at AutoMapper.Mapper.set_Configuration(IConfigurationProvider value)
   at AutoMapper.Mapper.Initialize(Action`1 config)
   at Flow.Tests.Selenium.Core.TestBasePpt.get_DatabaseManager()
   at Flow.Tests.Selenium.Core.TestBasePpt.OneTimeSetUp()
--TearDown
   at AutoMapper.Mapper.set_Configuration(IConfigurationProvider value)
   at AutoMapper.Mapper.Initialize(Action`1 config)
   at Flow.Tests.Selenium.Core.TestBasePpt.get_DatabaseManager()
   at Flow.Tests.Selenium.Core.TestBasePpt.OneTimeTearDown()]]></stack-trace>
                  </failure>
                  <output><![CDATA[=============== SCCFollowUpFromHomeSmokeTest started at: 4/8/2020 8:51:23 AM ===============
---> SCCFollowUpFromHomeSmokeTest Config[AppUrl]: https://flytchildweb902.flyttest.visma.com:444/
---> SCCFollowUpFromHomeSmokeTest Config[SeleniumBrowser]: chrome
---> SCCFollowUpFromHomeSmokeTest Config[SeleniumGridUrl]: http://flytapp901.flyttest.visma.com:4444/wd/hub
---> SCCFollowUpFromHomeSmokeTest Resolution: 1024x768
Environment variable BV_SPECFLOW_TEST_DB found:data source=10.58.171.19;initial catalog=BV_Specflow;User ID=test;Password=test;sslmode=none;
Environment variable BV_SPECFLOW_TEST_DB found:data source=10.58.171.19;initial catalog=BV_Specflow;User ID=test;Password=test;sslmode=none;
]]></output>
                  <test-case id="0-1051" name="SCC_CheckFollowUpCreateElementsOnHomePage" fullname="Flow.Tests.Selenium.Tests.Smoke.FollowUp.SCCFollowUpFromHomeSmokeTest.SCC_CheckFollowUpCreateElementsOnHomePage" methodname="SCC_CheckFollowUpCreateElementsOnHomePage" classname="Flow.Tests.Selenium.Tests.Smoke.FollowUp.SCCFollowUpFromHomeSmokeTest" runstate="Runnable" seed="924075983" result="Failed" label="Error" site="Parent" start-time="0001-01-01 00:00:00Z" end-time="0001-01-01 00:00:00Z" duration="0.000000" asserts="0">
                    <properties>
                      <property name="Category" value="BasicSmoke" />
                      <property name="CustomRetry" value="3" />
                    </properties>
                    <failure>
                      <message><![CDATA[OneTimeSetUp: System.InvalidOperationException : Mapper already initialized. You must call Initialize once per application domain/process.]]></message>
                    </failure>
                  </test-case>
                </test-suite>
              </test-suite>
              <test-suite type="TestSuite" id="0-1108" name="PostRegistration" fullname="Flow.Tests.Selenium.Tests.Smoke.PostRegistration" runstate="Runnable" testcasecount="1" result="Failed" site="Child" start-time="2020-04-08 06:49:47Z" end-time="2020-04-08 06:51:28Z" duration="101.264541" total="1" passed="0" failed="1" warnings="0" inconclusive="0" skipped="0" asserts="0">
                <properties />
                <failure>
                  <message><![CDATA[One or more child tests had errors]]></message>
                </failure>
                <test-suite type="TestFixture" id="0-1030" name="PostRegistrationOnNewCaseSmokeTest" fullname="Flow.Tests.Selenium.Tests.Smoke.PostRegistration.PostRegistrationOnNewCaseSmokeTest" classname="Flow.Tests.Selenium.Tests.Smoke.PostRegistration.PostRegistrationOnNewCaseSmokeTest" runstate="Runnable" testcasecount="1" result="Failed" label="Error" site="TearDown" start-time="2020-04-08 06:51:25Z" end-time="2020-04-08 06:51:28Z" duration="2.730537" total="1" passed="0" failed="1" warnings="0" inconclusive="0" skipped="0" asserts="0">
                  <properties />
                  <failure>
                    <message><![CDATA[System.InvalidOperationException : Mapper already initialized. You must call Initialize once per application domain/process.
TearDown : System.InvalidOperationException : Mapper already initialized. You must call Initialize once per application domain/process.]]></message>
                    <stack-trace><![CDATA[   at AutoMapper.Mapper.set_Configuration(IConfigurationProvider value)
   at AutoMapper.Mapper.Initialize(Action`1 config)
   at Flow.Tests.Selenium.Core.TestBasePpt.get_DatabaseManager()
   at Flow.Tests.Selenium.Core.TestBasePpt.OneTimeSetUp()
--TearDown
   at AutoMapper.Mapper.set_Configuration(IConfigurationProvider value)
   at AutoMapper.Mapper.Initialize(Action`1 config)
   at Flow.Tests.Selenium.Core.TestBasePpt.get_DatabaseManager()
   at Flow.Tests.Selenium.Core.TestBasePpt.OneTimeTearDown()]]></stack-trace>
                  </failure>
                  <output><![CDATA[=============== PostRegistrationOnNewCaseSmokeTest started at: 4/8/2020 8:51:26 AM ===============
---> PostRegistrationOnNewCaseSmokeTest Config[AppUrl]: https://flytchildweb902.flyttest.visma.com:444/
---> PostRegistrationOnNewCaseSmokeTest Config[SeleniumBrowser]: chrome
---> PostRegistrationOnNewCaseSmokeTest Config[SeleniumGridUrl]: http://flytapp901.flyttest.visma.com:4444/wd/hub
---> PostRegistrationOnNewCaseSmokeTest Resolution: 1024x768
Environment variable BV_SPECFLOW_TEST_DB found:data source=10.58.171.19;initial catalog=BV_Specflow;User ID=test;Password=test;sslmode=none;
Environment variable BV_SPECFLOW_TEST_DB found:data source=10.58.171.19;initial catalog=BV_Specflow;User ID=test;Password=test;sslmode=none;
]]></output>
                  <test-case id="0-1031" name="CheckReceivedDate" fullname="Flow.Tests.Selenium.Tests.Smoke.PostRegistration.PostRegistrationOnNewCaseSmokeTest.CheckReceivedDate" methodname="CheckReceivedDate" classname="Flow.Tests.Selenium.Tests.Smoke.PostRegistration.PostRegistrationOnNewCaseSmokeTest" runstate="Runnable" seed="2127189922" result="Failed" label="Error" site="Parent" start-time="0001-01-01 00:00:00Z" end-time="0001-01-01 00:00:00Z" duration="0.000000" asserts="0">
                    <properties>
                      <property name="Category" value="BasicSmoke" />
                      <property name="CustomRetry" value="3" />
                    </properties>
                    <failure>
                      <message><![CDATA[OneTimeSetUp: System.InvalidOperationException : Mapper already initialized. You must call Initialize once per application domain/process.]]></message>
                    </failure>
                  </test-case>
                </test-suite>
              </test-suite>
              <test-suite type="TestFixture" id="0-1022" name="SccCk5EditorEnquirySmokeTest" fullname="Flow.Tests.Selenium.Tests.Smoke.SccCk5EditorEnquirySmokeTest" classname="Flow.Tests.Selenium.Tests.Smoke.SccCk5EditorEnquirySmokeTest" runstate="Runnable" testcasecount="1" result="Failed" label="Error" site="TearDown" start-time="2020-04-08 06:51:28Z" end-time="2020-04-08 06:51:31Z" duration="2.843184" total="1" passed="0" failed="1" warnings="0" inconclusive="0" skipped="0" asserts="0">
                <properties />
                <failure>
                  <message><![CDATA[System.InvalidOperationException : Mapper already initialized. You must call Initialize once per application domain/process.
TearDown : System.InvalidOperationException : Mapper already initialized. You must call Initialize once per application domain/process.]]></message>
                  <stack-trace><![CDATA[   at AutoMapper.Mapper.set_Configuration(IConfigurationProvider value)
   at AutoMapper.Mapper.Initialize(Action`1 config)
   at Flow.Tests.Selenium.Core.TestBasePpt.get_DatabaseManager()
   at Flow.Tests.Selenium.Core.TestBasePpt.OneTimeSetUp()
--TearDown
   at AutoMapper.Mapper.set_Configuration(IConfigurationProvider value)
   at AutoMapper.Mapper.Initialize(Action`1 config)
   at Flow.Tests.Selenium.Core.TestBasePpt.get_DatabaseManager()
   at Flow.Tests.Selenium.Core.TestBasePpt.OneTimeTearDown()]]></stack-trace>
                </failure>
                <output><![CDATA[=============== SccCk5EditorEnquirySmokeTest started at: 4/8/2020 8:51:29 AM ===============
---> SccCk5EditorEnquirySmokeTest Config[AppUrl]: https://flytchildweb902.flyttest.visma.com:444/
---> SccCk5EditorEnquirySmokeTest Config[SeleniumBrowser]: chrome
---> SccCk5EditorEnquirySmokeTest Config[SeleniumGridUrl]: http://flytapp901.flyttest.visma.com:4444/wd/hub
---> SccCk5EditorEnquirySmokeTest Resolution: 1024x768
Environment variable BV_SPECFLOW_TEST_DB found:data source=10.58.171.19;initial catalog=BV_Specflow;User ID=test;Password=test;sslmode=none;
Environment variable BV_SPECFLOW_TEST_DB found:data source=10.58.171.19;initial catalog=BV_Specflow;User ID=test;Password=test;sslmode=none;
]]></output>
                <test-case id="0-1023" name="CheckCk5EditorOnEnquiry" fullname="Flow.Tests.Selenium.Tests.Smoke.SccCk5EditorEnquirySmokeTest.CheckCk5EditorOnEnquiry" methodname="CheckCk5EditorOnEnquiry" classname="Flow.Tests.Selenium.Tests.Smoke.SccCk5EditorEnquirySmokeTest" runstate="Runnable" seed="790633894" result="Failed" label="Error" site="Parent" start-time="0001-01-01 00:00:00Z" end-time="0001-01-01 00:00:00Z" duration="0.000000" asserts="0">
                  <properties>
                    <property name="Category" value="BasicSmoke" />
                  </properties>
                  <failure>
                    <message><![CDATA[OneTimeSetUp: System.InvalidOperationException : Mapper already initialized. You must call Initialize once per application domain/process.]]></message>
                  </failure>
                </test-case>
              </test-suite>
              <test-suite type="TestFixture" id="0-1024" name="SccCkEditorEnquirySmokeTest" fullname="Flow.Tests.Selenium.Tests.Smoke.SccCkEditorEnquirySmokeTest" classname="Flow.Tests.Selenium.Tests.Smoke.SccCkEditorEnquirySmokeTest" runstate="Runnable" testcasecount="1" result="Failed" label="Error" site="TearDown" start-time="2020-04-08 06:51:31Z" end-time="2020-04-08 06:51:34Z" duration="2.916829" total="1" passed="0" failed="1" warnings="0" inconclusive="0" skipped="0" asserts="0">
                <properties />
                <failure>
                  <message><![CDATA[System.InvalidOperationException : Mapper already initialized. You must call Initialize once per application domain/process.
TearDown : System.InvalidOperationException : Mapper already initialized. You must call Initialize once per application domain/process.]]></message>
                  <stack-trace><![CDATA[   at AutoMapper.Mapper.set_Configuration(IConfigurationProvider value)
   at AutoMapper.Mapper.Initialize(Action`1 config)
   at Flow.Tests.Selenium.Core.TestBasePpt.get_DatabaseManager()
   at Flow.Tests.Selenium.Core.TestBasePpt.OneTimeSetUp()
--TearDown
   at AutoMapper.Mapper.set_Configuration(IConfigurationProvider value)
   at AutoMapper.Mapper.Initialize(Action`1 config)
   at Flow.Tests.Selenium.Core.TestBasePpt.get_DatabaseManager()
   at Flow.Tests.Selenium.Core.TestBasePpt.OneTimeTearDown()]]></stack-trace>
                </failure>
                <output><![CDATA[=============== SccCkEditorEnquirySmokeTest started at: 4/8/2020 8:51:32 AM ===============
---> SccCkEditorEnquirySmokeTest Config[AppUrl]: https://flytchildweb902.flyttest.visma.com:444/
---> SccCkEditorEnquirySmokeTest Config[SeleniumBrowser]: chrome
---> SccCkEditorEnquirySmokeTest Config[SeleniumGridUrl]: http://flytapp901.flyttest.visma.com:4444/wd/hub
---> SccCkEditorEnquirySmokeTest Resolution: 1024x768
Environment variable BV_SPECFLOW_TEST_DB found:data source=10.58.171.19;initial catalog=BV_Specflow;User ID=test;Password=test;sslmode=none;
Environment variable BV_SPECFLOW_TEST_DB found:data source=10.58.171.19;initial catalog=BV_Specflow;User ID=test;Password=test;sslmode=none;
]]></output>
                <test-case id="0-1025" name="CheckCkEditorOnEnquiry" fullname="Flow.Tests.Selenium.Tests.Smoke.SccCkEditorEnquirySmokeTest.CheckCkEditorOnEnquiry" methodname="CheckCkEditorOnEnquiry" classname="Flow.Tests.Selenium.Tests.Smoke.SccCkEditorEnquirySmokeTest" runstate="Runnable" seed="813052027" result="Failed" label="Error" site="Parent" start-time="0001-01-01 00:00:00Z" end-time="0001-01-01 00:00:00Z" duration="0.000000" asserts="0">
                  <properties>
                    <property name="Category" value="BasicSmoke" />
                    <property name="CustomRetry" value="3" />
                  </properties>
                  <failure>
                    <message><![CDATA[OneTimeSetUp: System.InvalidOperationException : Mapper already initialized. You must call Initialize once per application domain/process.]]></message>
                  </failure>
                </test-case>
              </test-suite>
              <test-suite type="TestFixture" id="0-1026" name="SccEnquiryFromClientDetailsSmokeTest" fullname="Flow.Tests.Selenium.Tests.Smoke.SccEnquiryFromClientDetailsSmokeTest" classname="Flow.Tests.Selenium.Tests.Smoke.SccEnquiryFromClientDetailsSmokeTest" runstate="Runnable" testcasecount="1" result="Failed" label="Error" site="TearDown" start-time="2020-04-08 06:51:34Z" end-time="2020-04-08 06:51:37Z" duration="2.900264" total="1" passed="0" failed="1" warnings="0" inconclusive="0" skipped="0" asserts="0">
                <properties />
                <failure>
                  <message><![CDATA[System.InvalidOperationException : Mapper already initialized. You must call Initialize once per application domain/process.
TearDown : System.InvalidOperationException : Mapper already initialized. You must call Initialize once per application domain/process.]]></message>
                  <stack-trace><![CDATA[   at AutoMapper.Mapper.set_Configuration(IConfigurationProvider value)
   at AutoMapper.Mapper.Initialize(Action`1 config)
   at Flow.Tests.Selenium.Core.TestBasePpt.get_DatabaseManager()
   at Flow.Tests.Selenium.Core.TestBasePpt.OneTimeSetUp()
--TearDown
   at AutoMapper.Mapper.set_Configuration(IConfigurationProvider value)
   at AutoMapper.Mapper.Initialize(Action`1 config)
   at Flow.Tests.Selenium.Core.TestBasePpt.get_DatabaseManager()
   at Flow.Tests.Selenium.Core.TestBasePpt.OneTimeTearDown()]]></stack-trace>
                </failure>
                <output><![CDATA[=============== SccEnquiryFromClientDetailsSmokeTest started at: 4/8/2020 8:51:35 AM ===============
---> SccEnquiryFromClientDetailsSmokeTest Config[AppUrl]: https://flytchildweb902.flyttest.visma.com:444/
---> SccEnquiryFromClientDetailsSmokeTest Config[SeleniumBrowser]: chrome
---> SccEnquiryFromClientDetailsSmokeTest Config[SeleniumGridUrl]: http://flytapp901.flyttest.visma.com:4444/wd/hub
---> SccEnquiryFromClientDetailsSmokeTest Resolution: 1024x768
Environment variable BV_SPECFLOW_TEST_DB found:data source=10.58.171.19;initial catalog=BV_Specflow;User ID=test;Password=test;sslmode=none;
Environment variable BV_SPECFLOW_TEST_DB found:data source=10.58.171.19;initial catalog=BV_Specflow;User ID=test;Password=test;sslmode=none;
]]></output>
                <test-case id="0-1027" name="CheckEnquiryCreationFromClientDetails" fullname="Flow.Tests.Selenium.Tests.Smoke.SccEnquiryFromClientDetailsSmokeTest.CheckEnquiryCreationFromClientDetails" methodname="CheckEnquiryCreationFromClientDetails" classname="Flow.Tests.Selenium.Tests.Smoke.SccEnquiryFromClientDetailsSmokeTest" runstate="Runnable" seed="245369824" result="Failed" label="Error" site="Parent" start-time="0001-01-01 00:00:00Z" end-time="0001-01-01 00:00:00Z" duration="0.000000" asserts="0">
                  <properties>
                    <property name="Category" value="BasicSmoke" />
                  </properties>
                  <failure>
                    <message><![CDATA[OneTimeSetUp: System.InvalidOperationException : Mapper already initialized. You must call Initialize once per application domain/process.]]></message>
                  </failure>
                </test-case>
              </test-suite>
              <test-suite type="TestFixture" id="0-1028" name="SccEnquiryFromEventsSmokeTest" fullname="Flow.Tests.Selenium.Tests.Smoke.SccEnquiryFromEventsSmokeTest" classname="Flow.Tests.Selenium.Tests.Smoke.SccEnquiryFromEventsSmokeTest" runstate="Runnable" testcasecount="1" result="Failed" label="Error" site="TearDown" start-time="2020-04-08 06:51:37Z" end-time="2020-04-08 06:51:40Z" duration="3.125807" total="1" passed="0" failed="1" warnings="0" inconclusive="0" skipped="0" asserts="0">
                <properties />
                <failure>
                  <message><![CDATA[System.InvalidOperationException : Mapper already initialized. You must call Initialize once per application domain/process.
TearDown : System.InvalidOperationException : Mapper already initialized. You must call Initialize once per application domain/process.]]></message>
                  <stack-trace><![CDATA[   at AutoMapper.Mapper.set_Configuration(IConfigurationProvider value)
   at AutoMapper.Mapper.Initialize(Action`1 config)
   at Flow.Tests.Selenium.Core.TestBasePpt.get_DatabaseManager()
   at Flow.Tests.Selenium.Core.TestBasePpt.OneTimeSetUp()
--TearDown
   at AutoMapper.Mapper.set_Configuration(IConfigurationProvider value)
   at AutoMapper.Mapper.Initialize(Action`1 config)
   at Flow.Tests.Selenium.Core.TestBasePpt.get_DatabaseManager()
   at Flow.Tests.Selenium.Core.TestBasePpt.OneTimeTearDown()]]></stack-trace>
                </failure>
                <output><![CDATA[=============== SccEnquiryFromEventsSmokeTest started at: 4/8/2020 8:51:38 AM ===============
---> SccEnquiryFromEventsSmokeTest Config[AppUrl]: https://flytchildweb902.flyttest.visma.com:444/
---> SccEnquiryFromEventsSmokeTest Config[SeleniumBrowser]: chrome
---> SccEnquiryFromEventsSmokeTest Config[SeleniumGridUrl]: http://flytapp901.flyttest.visma.com:4444/wd/hub
---> SccEnquiryFromEventsSmokeTest Resolution: 1024x768
Environment variable BV_SPECFLOW_TEST_DB found:data source=10.58.171.19;initial catalog=BV_Specflow;User ID=test;Password=test;sslmode=none;
Environment variable BV_SPECFLOW_TEST_DB found:data source=10.58.171.19;initial catalog=BV_Specflow;User ID=test;Password=test;sslmode=none;
]]></output>
                <test-case id="0-1029" name="CheckEnquiryCreationFromEvents" fullname="Flow.Tests.Selenium.Tests.Smoke.SccEnquiryFromEventsSmokeTest.CheckEnquiryCreationFromEvents" methodname="CheckEnquiryCreationFromEvents" classname="Flow.Tests.Selenium.Tests.Smoke.SccEnquiryFromEventsSmokeTest" runstate="Runnable" seed="913796352" result="Failed" label="Error" site="Parent" start-time="0001-01-01 00:00:00Z" end-time="0001-01-01 00:00:00Z" duration="0.000000" asserts="0">
                  <properties>
                    <property name="Category" value="BasicSmoke" />
                  </properties>
                  <failure>
                    <message><![CDATA[OneTimeSetUp: System.InvalidOperationException : Mapper already initialized. You must call Initialize once per application domain/process.]]></message>
                  </failure>
                </test-case>
              </test-suite>
            </test-suite>
          </test-suite>
        </test-suite>
      </test-suite>
    </test-suite>
  </test-suite>
</test-run>